This is XeTeX, Version 3.14159265-2.6-0.999991 (TeX Live 2019/Debian) (preloaded format=xelatex 2022.9.26)  31 JAN 2023 14:56
entering extended mode
 restricted \write18 enabled.
 %&-line parsing enabled.
**diffyqs.tex
(./diffyqs.tex
LaTeX2e <2020-02-02> patch level 2
L3 programming layer <2020-02-14>
(/usr/share/texlive/texmf-dist/tex/latex/base/book.cls
Document Class: book 2019/12/20 v1.4l Standard LaTeX document class
(/usr/share/texlive/texmf-dist/tex/latex/base/bk12.clo
File: bk12.clo 2019/12/20 v1.4l Standard LaTeX file (size option)
)
\c@part=\count163
\c@chapter=\count164
\c@section=\count165
\c@subsection=\count166
\c@subsubsection=\count167
\c@paragraph=\count168
\c@subparagraph=\count169
\c@figure=\count170
\c@table=\count171
\abovecaptionskip=\skip47
\belowcaptionskip=\skip48
\bibindent=\dimen134
) (./diffyqssetup.sty
(/usr/share/texlive/texmf-dist/tex/generic/iftex/ifpdf.sty
Package: ifpdf 2019/10/25 v3.4 ifpdf legacy package. Use iftex instead.

(/usr/share/texlive/texmf-dist/tex/generic/iftex/iftex.sty
Package: iftex 2019/11/07 v1.0c TeX engine tests
))
(/usr/share/texlive/texmf-dist/tex/latex/amsmath/amsmath.sty
Package: amsmath 2020/01/20 v2.17e AMS math features
\@mathmargin=\skip49

For additional information on amsmath, use the `?' option.
(/usr/share/texlive/texmf-dist/tex/latex/amsmath/amstext.sty
Package: amstext 2000/06/29 v2.01 AMS text

(/usr/share/texlive/texmf-dist/tex/latex/amsmath/amsgen.sty
File: amsgen.sty 1999/11/30 v2.0 generic functions
\@emptytoks=\toks14
\ex@=\dimen135
))
(/usr/share/texlive/texmf-dist/tex/latex/amsmath/amsbsy.sty
Package: amsbsy 1999/11/29 v1.2d Bold Symbols
\pmbraise@=\dimen136
)
(/usr/share/texlive/texmf-dist/tex/latex/amsmath/amsopn.sty
Package: amsopn 2016/03/08 v2.02 operator names
)
\inf@bad=\count172
LaTeX Info: Redefining \frac on input line 227.
\uproot@=\count173
\leftroot@=\count174
LaTeX Info: Redefining \overline on input line 389.
\classnum@=\count175
\DOTSCASE@=\count176
LaTeX Info: Redefining \ldots on input line 486.
LaTeX Info: Redefining \dots on input line 489.
LaTeX Info: Redefining \cdots on input line 610.
\Mathstrutbox@=\box45
\strutbox@=\box46
\big@size=\dimen137
LaTeX Font Info:    Redeclaring font encoding OML on input line 733.
LaTeX Font Info:    Redeclaring font encoding OMS on input line 734.
\macc@depth=\count177
\c@MaxMatrixCols=\count178
\dotsspace@=\muskip16
\c@parentequation=\count179
\dspbrk@lvl=\count180
\tag@help=\toks15
\row@=\count181
\column@=\count182
\maxfields@=\count183
\andhelp@=\toks16
\eqnshift@=\dimen138
\alignsep@=\dimen139
\tagshift@=\dimen140
\tagwidth@=\dimen141
\totwidth@=\dimen142
\lineht@=\dimen143
\@envbody=\toks17
\multlinegap=\skip50
\multlinetaggap=\skip51
\mathdisplay@stack=\toks18
LaTeX Info: Redefining \[ on input line 2859.
LaTeX Info: Redefining \] on input line 2860.
)
(/usr/share/texlive/texmf-dist/tex/latex/amsfonts/amsfonts.sty
Package: amsfonts 2013/01/14 v3.01 Basic AMSFonts support
\symAMSa=\mathgroup4
\symAMSb=\mathgroup5
LaTeX Font Info:    Redeclaring math symbol \hbar on input line 98.
LaTeX Font Info:    Overwriting math alphabet `\mathfrak' in version `bold'
(Font)                  U/euf/m/n --> U/euf/b/n on input line 106.
)
(/usr/share/texlive/texmf-dist/tex/latex/amsfonts/amssymb.sty
Package: amssymb 2013/01/14 v3.01 AMS font symbols
)
(/usr/share/texlive/texmf-dist/tex/latex/amscls/amsthm.sty
Package: amsthm 2017/10/31 v2.20.4
\thm@style=\toks19
\thm@bodyfont=\toks20
\thm@headfont=\toks21
\thm@notefont=\toks22
\thm@headpunct=\toks23
\thm@preskip=\skip52
\thm@postskip=\skip53
\thm@headsep=\skip54
\dth@everypar=\toks24
)
(/usr/share/texlive/texmf-dist/tex/latex/graphics/graphicx.sty
Package: graphicx 2019/11/30 v1.2a Enhanced LaTeX Graphics (DPC,SPQR)

(/usr/share/texlive/texmf-dist/tex/latex/graphics/keyval.sty
Package: keyval 2014/10/28 v1.15 key=value parser (DPC)
\KV@toks@=\toks25
)
(/usr/share/texlive/texmf-dist/tex/latex/graphics/graphics.sty
Package: graphics 2019/11/30 v1.4a Standard LaTeX Graphics (DPC,SPQR)

(/usr/share/texlive/texmf-dist/tex/latex/graphics/trig.sty
Package: trig 2016/01/03 v1.10 sin cos tan (DPC)
)
(/usr/share/texlive/texmf-dist/tex/latex/graphics-cfg/graphics.cfg
File: graphics.cfg 2016/06/04 v1.11 sample graphics configuration
)
Package graphics Info: Driver file: xetex.def on input line 105.

(/usr/share/texlive/texmf-dist/tex/latex/graphics-def/xetex.def
File: xetex.def 2017/06/24 v5.0h Graphics/color driver for xetex
))
\Gin@req@height=\dimen144
\Gin@req@width=\dimen145
)
(/usr/share/texlive/texmf-dist/tex/latex/graphics/color.sty
Package: color 2019/11/23 v1.2a Standard LaTeX Color (DPC)

(/usr/share/texlive/texmf-dist/tex/latex/graphics-cfg/color.cfg
File: color.cfg 2016/01/02 v1.6 sample color configuration
)
Package color Info: Driver file: xetex.def on input line 147.
)
(/usr/share/texlive/texmf-dist/tex/latex/base/inputenc.sty
Package: inputenc 2018/08/11 v1.3c Input encoding file
\inpenc@prehook=\toks26
\inpenc@posthook=\toks27


Package inputenc Warning: inputenc package ignored with utf8 based engines.

) (/usr/share/texlive/texmf-dist/tex/latex/base/fontenc.sty
Package: fontenc 2020/02/11 v2.0o Standard LaTeX package
LaTeX Font Info:    Trying to load font information for T1+lmr on input line 11
2.

(/usr/share/texmf/tex/latex/lm/t1lmr.fd
File: t1lmr.fd 2009/10/30 v1.6 Font defs for Latin Modern
))
(/usr/share/texmf/tex/latex/lm/lmodern.sty
Package: lmodern 2009/10/30 v1.6 Latin Modern Fonts
LaTeX Font Info:    Overwriting symbol font `operators' in version `normal'
(Font)                  OT1/cmr/m/n --> OT1/lmr/m/n on input line 22.
LaTeX Font Info:    Overwriting symbol font `letters' in version `normal'
(Font)                  OML/cmm/m/it --> OML/lmm/m/it on input line 23.
LaTeX Font Info:    Overwriting symbol font `symbols' in version `normal'
(Font)                  OMS/cmsy/m/n --> OMS/lmsy/m/n on input line 24.
LaTeX Font Info:    Overwriting symbol font `largesymbols' in version `normal'
(Font)                  OMX/cmex/m/n --> OMX/lmex/m/n on input line 25.
LaTeX Font Info:    Overwriting symbol font `operators' in version `bold'
(Font)                  OT1/cmr/bx/n --> OT1/lmr/bx/n on input line 26.
LaTeX Font Info:    Overwriting symbol font `letters' in version `bold'
(Font)                  OML/cmm/b/it --> OML/lmm/b/it on input line 27.
LaTeX Font Info:    Overwriting symbol font `symbols' in version `bold'
(Font)                  OMS/cmsy/b/n --> OMS/lmsy/b/n on input line 28.
LaTeX Font Info:    Overwriting symbol font `largesymbols' in version `bold'
(Font)                  OMX/cmex/m/n --> OMX/lmex/m/n on input line 29.
LaTeX Font Info:    Overwriting math alphabet `\mathbf' in version `normal'
(Font)                  OT1/cmr/bx/n --> OT1/lmr/bx/n on input line 31.
LaTeX Font Info:    Overwriting math alphabet `\mathsf' in version `normal'
(Font)                  OT1/cmss/m/n --> OT1/lmss/m/n on input line 32.
LaTeX Font Info:    Overwriting math alphabet `\mathit' in version `normal'
(Font)                  OT1/cmr/m/it --> OT1/lmr/m/it on input line 33.
LaTeX Font Info:    Overwriting math alphabet `\mathtt' in version `normal'
(Font)                  OT1/cmtt/m/n --> OT1/lmtt/m/n on input line 34.
LaTeX Font Info:    Overwriting math alphabet `\mathbf' in version `bold'
(Font)                  OT1/cmr/bx/n --> OT1/lmr/bx/n on input line 35.
LaTeX Font Info:    Overwriting math alphabet `\mathsf' in version `bold'
(Font)                  OT1/cmss/bx/n --> OT1/lmss/bx/n on input line 36.
LaTeX Font Info:    Overwriting math alphabet `\mathit' in version `bold'
(Font)                  OT1/cmr/bx/it --> OT1/lmr/bx/it on input line 37.
LaTeX Font Info:    Overwriting math alphabet `\mathtt' in version `bold'
(Font)                  OT1/cmtt/m/n --> OT1/lmtt/m/n on input line 38.
)
(/usr/share/texlive/texmf-dist/tex/generic/babel/babel.sty
Package: babel 2020/02/14 3.40 The Babel package

(/usr/share/texlive/texmf-dist/tex/generic/babel/switch.def
File: switch.def 2020/02/14 3.40 Babel switching mechanism
)
(/usr/share/texlive/texmf-dist/tex/generic/babel-french/french.ldf
Language: french 2020/01/30 v3.5g French support from the babel system

(/usr/share/texlive/texmf-dist/tex/generic/babel/babel.def
File: babel.def 2020/02/14 3.40 Babel common definitions
\babel@savecnt=\count184
\U@D=\dimen146

(/usr/share/texlive/texmf-dist/tex/generic/babel/xebabel.def
(/usr/share/texlive/texmf-dist/tex/generic/babel/txtbabel.def))
\bbl@readstream=\read2
\bbl@dirlevel=\count185
)
Package babel Info: \l@acadian = using hyphenrules for french
(babel)             (\language60) on input line 91.
Package babel Info: \l@canadien = using hyphenrules for french
(babel)             (\language60) on input line 92.
\FB@nonchar=\count186
Package french.ldf Info: No need for active punctuation characters
(french.ldf)             with this version of XeTeX!
(french.ldf)             reported on input line 331.
\FB@punctthick=\XeTeXcharclass1
\FB@punctthin=\XeTeXcharclass2
\FB@punctnul=\XeTeXcharclass3
\FB@guilo=\XeTeXcharclass4
\FB@guilf=\XeTeXcharclass5
\FB@guilnul=\XeTeXcharclass6
\FBguill@level=\count187
\FBold@everypar=\toks28
\FB@Mht=\dimen147
LaTeX Info: Redefining \degres on input line 782.
\mc@charclass=\count188
\mc@charfam=\count189
\mc@charslot=\count190
\std@mcc=\count191
\dec@mcc=\count192
\c@FBcaption@count=\count193
\listindentFB=\dimen148
\descindentFB=\dimen149
\labelindentFB=\dimen150
\labelwidthFB=\dimen151
\leftmarginFB=\dimen152
\parindentFFN=\dimen153
\FBfnindent=\dimen154
))
(/usr/share/texlive/texmf-dist/tex/latex/carlisle/scalefnt.sty)
(/usr/share/texlive/texmf-dist/tex/latex/newpx/newpxtext.sty
Package: newpxtext 2017/08/18 v1.321

`newpxtext' v1.321, 2017/08/18 Text macros taking advantage of TeXGyre Pagella 
and its extensions (msharpe)
(/usr/share/texlive/texmf-dist/tex/latex/fontaxes/fontaxes.sty
Package: fontaxes 2014/03/23 v1.0d Font selection axes
LaTeX Info: Redefining \upshape on input line 29.
LaTeX Info: Redefining \itshape on input line 31.
LaTeX Info: Redefining \slshape on input line 33.
LaTeX Info: Redefining \swshape on input line 35.
LaTeX Info: Redefining \scshape on input line 37.
LaTeX Info: Redefining \sscshape on input line 39.
LaTeX Info: Redefining \ulcshape on input line 41.
LaTeX Info: Redefining \textsw on input line 47.
LaTeX Info: Redefining \textssc on input line 48.
LaTeX Info: Redefining \textulc on input line 49.
)
(/usr/share/texlive/texmf-dist/tex/latex/xkeyval/xkeyval.sty
Package: xkeyval 2014/12/03 v2.7a package option processing (HA)

(/usr/share/texlive/texmf-dist/tex/generic/xkeyval/xkeyval.tex
(/usr/share/texlive/texmf-dist/tex/generic/xkeyval/xkvutils.tex
\XKV@toks=\toks29
\XKV@tempa@toks=\toks30
)
\XKV@depth=\count194
File: xkeyval.tex 2014/12/03 v2.7a key=value parser (HA)
))
(/usr/share/texlive/texmf-dist/tex/latex/etoolbox/etoolbox.sty
Package: etoolbox 2019/09/21 v2.5h e-TeX tools for LaTeX (JAW)
\etb@tempcnta=\count195
)
(/usr/share/texlive/texmf-dist/tex/latex/base/fontenc.sty
Package: fontenc 2020/02/11 v2.0o Standard LaTeX package
LaTeX Font Info:    Trying to load font information for T1+zpltlf on input line
 112.

(/usr/share/texlive/texmf-dist/tex/latex/newpx/t1zpltlf.fd
File: t1zpltlf.fd 2015/01/17 v1.0 font definition file for T1/zpl/tlf
)
LaTeX Font Info:    Font shape `T1/zpltlf/m/n' will be
(Font)              scaled to size 12.0pt on input line 112.
)
(/usr/share/texlive/texmf-dist/tex/latex/base/textcomp.sty
Package: textcomp 2020/02/02 v2.0n Standard LaTeX package
))
(/usr/share/texlive/texmf-dist/tex/latex/newpx/newpxmath.sty
Package: newpxmath 2020/01/09 v1.409

`newpxmath' v1.409, 2020/01/09 Math macros based on pxfonts (msharpe)
(/usr/share/texlive/texmf-dist/tex/generic/kastrup/binhex.tex)
(/usr/share/texlive/texmf-dist/tex/latex/oberdiek/centernot.sty
Package: centernot 2016/05/16 v1.4 Centers the not symbol horizontally (HO)
)
\px@tA=\toks31
\px@tB=\toks32
\px@su=\read3
\px@Isdigit=\count196
LaTeX Font Info:    Redeclaring symbol font `operators' on input line 194.
LaTeX Font Info:    Overwriting symbol font `operators' in version `normal'
(Font)                  OT1/lmr/m/n --> OT1/zpltlf/m/n on input line 194.
LaTeX Font Info:    Overwriting symbol font `operators' in version `bold'
(Font)                  OT1/lmr/bx/n --> OT1/zpltlf/m/n on input line 194.
LaTeX Font Info:    Overwriting symbol font `operators' in version `bold'
(Font)                  OT1/zpltlf/m/n --> OT1/zpltlf/b/n on input line 195.
LaTeX Font Info:    Redeclaring math alphabet \mathsf on input line 198.
LaTeX Font Info:    Overwriting math alphabet `\mathsf' in version `normal'
(Font)                  OT1/lmss/m/n --> T1/qhv/m/n on input line 198.
LaTeX Font Info:    Overwriting math alphabet `\mathsf' in version `bold'
(Font)                  OT1/lmss/bx/n --> T1/qhv/m/n on input line 198.
LaTeX Font Info:    Redeclaring math alphabet \mathit on input line 199.
LaTeX Font Info:    Overwriting math alphabet `\mathit' in version `normal'
(Font)                  OT1/lmr/m/it --> OT1/zpltlf/m/it on input line 199.
LaTeX Font Info:    Overwriting math alphabet `\mathit' in version `bold'
(Font)                  OT1/lmr/bx/it --> OT1/zpltlf/m/it on input line 199.
LaTeX Font Info:    Redeclaring math alphabet \mathtt on input line 200.
LaTeX Font Info:    Overwriting math alphabet `\mathtt' in version `normal'
(Font)                  OT1/lmtt/m/n --> T1/npxtt/m/n on input line 200.
LaTeX Font Info:    Overwriting math alphabet `\mathtt' in version `bold'
(Font)                  OT1/lmtt/m/n --> T1/npxtt/m/n on input line 200.
LaTeX Font Info:    Redeclaring math alphabet \mathbf on input line 202.
LaTeX Font Info:    Overwriting math alphabet `\mathbf' in version `normal'
(Font)                  OT1/lmr/bx/n --> OT1/zpltlf/b/n on input line 202.
LaTeX Font Info:    Overwriting math alphabet `\mathbf' in version `bold'
(Font)                  OT1/lmr/bx/n --> OT1/zpltlf/b/n on input line 202.
LaTeX Font Info:    Overwriting math alphabet `\mathit' in version `bold'
(Font)                  OT1/zpltlf/m/it --> OT1/zpltlf/b/it on input line 203.
LaTeX Font Info:    Overwriting math alphabet `\mathsf' in version `bold'
(Font)                  T1/qhv/m/n --> T1/qhv/b/n on input line 205.
LaTeX Font Info:    Overwriting math alphabet `\mathtt' in version `bold'
(Font)                  T1/npxtt/m/n --> T1/npxtt/b/n on input line 206.
LaTeX Font Info:    Redeclaring symbol font `letters' on input line 217.
LaTeX Font Info:    Overwriting symbol font `letters' in version `normal'
(Font)                  OML/lmm/m/it --> OML/npxmi/m/it on input line 217.
LaTeX Font Info:    Overwriting symbol font `letters' in version `bold'
(Font)                  OML/lmm/b/it --> OML/npxmi/m/it on input line 217.
LaTeX Font Info:    Overwriting symbol font `letters' in version `bold'
(Font)                  OML/npxmi/m/it --> OML/npxmi/b/it on input line 218.
\symlettersA=\mathgroup6
LaTeX Font Info:    Overwriting symbol font `lettersA' in version `bold'
(Font)                  U/npxmia/m/it --> U/npxmia/b/it on input line 236.
LaTeX Font Info:    Redeclaring math alphabet \mathfrak on input line 238.
LaTeX Font Info:    Redeclaring symbol font `symbols' on input line 246.
LaTeX Font Info:    Encoding `OMS' has changed to `LMS' for symbol font
(Font)              `symbols' in the math version `normal' on input line 246.
LaTeX Font Info:    Overwriting symbol font `symbols' in version `normal'
(Font)                  OMS/lmsy/m/n --> LMS/npxsy/m/n on input line 246.
LaTeX Font Info:    Encoding `OMS' has changed to `LMS' for symbol font
(Font)              `symbols' in the math version `bold' on input line 246.
LaTeX Font Info:    Overwriting symbol font `symbols' in version `bold'
(Font)                  OMS/lmsy/b/n --> LMS/npxsy/m/n on input line 246.
LaTeX Font Info:    Overwriting symbol font `symbols' in version `bold'
(Font)                  LMS/npxsy/m/n --> LMS/npxsy/b/n on input line 247.
\symAMSm=\mathgroup7
LaTeX Font Info:    Overwriting symbol font `AMSm' in version `bold'
(Font)                  U/npxsym/m/n --> U/npxsym/b/n on input line 265.
\symsymbolsC=\mathgroup8
LaTeX Font Info:    Overwriting symbol font `symbolsC' in version `bold'
(Font)                  U/npxsyc/m/n --> U/npxsyc/b/n on input line 287.
LaTeX Font Info:    Redeclaring symbol font `largesymbols' on input line 307.
LaTeX Font Info:    Encoding `OMX' has changed to `LMX' for symbol font
(Font)              `largesymbols' in the math version `normal' on input line 3
07.
LaTeX Font Info:    Overwriting symbol font `largesymbols' in version `normal'
(Font)                  OMX/lmex/m/n --> LMX/npxexx/m/n on input line 307.
LaTeX Font Info:    Encoding `OMX' has changed to `LMX' for symbol font
(Font)              `largesymbols' in the math version `bold' on input line 307
.
LaTeX Font Info:    Overwriting symbol font `largesymbols' in version `bold'
(Font)                  OMX/lmex/m/n --> LMX/npxexx/m/n on input line 307.
LaTeX Font Info:    Overwriting symbol font `largesymbols' in version `bold'
(Font)                  LMX/npxexx/m/n --> LMX/npxexx/b/n on input line 308.
\symlargesymbolsPXA=\mathgroup9
LaTeX Font Info:    Overwriting symbol font `largesymbolsPXA' in version `bold'

(Font)                  U/npxexa/m/n --> U/npxexa/b/n on input line 315.
\px@cntz=\count197
\px@IsAlNum=\count198
\px@sbptoks=\toks33
LaTeX Font Info:    Redeclaring math delimiter \lfloor on input line 470.
LaTeX Font Info:    Redeclaring math delimiter \rfloor on input line 471.
LaTeX Font Info:    Redeclaring math delimiter \lceil on input line 472.
LaTeX Font Info:    Redeclaring math delimiter \rceil on input line 473.
LaTeX Font Info:    Redeclaring math delimiter \lbrace on input line 474.
LaTeX Font Info:    Redeclaring math delimiter \rbrace on input line 475.
LaTeX Font Info:    Redeclaring math delimiter \langle on input line 476.
LaTeX Font Info:    Redeclaring math delimiter \rangle on input line 478.
LaTeX Font Info:    Redeclaring math delimiter \arrowvert on input line 482.
LaTeX Font Info:    Redeclaring math delimiter \vert on input line 483.
LaTeX Font Info:    Redeclaring math symbol \parallel on input line 484.
LaTeX Font Info:    Redeclaring math delimiter \Arrowvert on input line 485.
LaTeX Font Info:    Redeclaring math accent \grave on input line 525.
LaTeX Font Info:    Redeclaring math accent \acute on input line 526.
LaTeX Font Info:    Redeclaring math accent \hat on input line 527.
LaTeX Font Info:    Redeclaring math accent \tilde on input line 528.
LaTeX Font Info:    Redeclaring math accent \bar on input line 529.
LaTeX Font Info:    Redeclaring math accent \breve on input line 530.
LaTeX Font Info:    Redeclaring math accent \mathring on input line 531.
LaTeX Font Info:    Redeclaring math accent \check on input line 532.
LaTeX Font Info:    Redeclaring math accent \dot on input line 536.
LaTeX Font Info:    Redeclaring math accent \ddot on input line 537.
LaTeX Font Info:    Redeclaring math accent \vec on input line 1579.
\npx@numstart=\count199
\npx@UCstart=\count266
\npx@lcstart=\count267
\npx@tmpc=\count268
\npx@imath=\count269
\npx@jmath=\count270
LaTeX Info: Redefining \not on input line 2132.
LaTeX Info: Redefining \textsquare on input line 2147.
LaTeX Info: Redefining \openbox on input line 2149.
)
(/usr/share/texlive/texmf-dist/tex/latex/bigfoot/perpage.sty
Package: perpage 2014/10/25 2.0 Reset/sort counters per page
\c@abspage=\count271
)
(/usr/share/texlive/texmf-dist/tex/latex/tasks/tasks.sty
(/usr/share/texlive/texmf-dist/tex/latex/l3kernel/expl3.sty
Package: expl3 2020-02-14 L3 programming layer (loader) 

(/usr/share/texlive/texmf-dist/tex/latex/l3backend/l3backend-xdvipdfmx.def
File: l3backend-xdvipdfmx.def 2020-02-03 L3 backend support: xdvipdfmx
\g__graphics_track_int=\count272
\l__pdf_internal_box=\box47
\g__pdf_backend_object_int=\count273
\g__pdf_backend_annotation_int=\count274
))
(/usr/share/texlive/texmf-dist/tex/latex/l3packages/xparse/xparse.sty
Package: xparse 2020-02-14 L3 Experimental document command parser
\l__xparse_current_arg_int=\count275
\g__xparse_grabber_int=\count276
\l__xparse_m_args_int=\count277
\l__xparse_v_nesting_int=\count278
)
(/usr/share/texlive/texmf-dist/tex/latex/l3packages/xtemplate/xtemplate.sty
Package: xtemplate 2020-02-14 L3 Experimental prototype document functions
\l__xtemplate_tmp_dim=\dimen155
\l__xtemplate_tmp_int=\count279
\l__xtemplate_tmp_muskip=\muskip17
\l__xtemplate_tmp_skip=\skip55
)
Package: tasks 2020/01/11 v1.1a horizontally columned lists
\g__tasks_total_items_int=\count280
\l__tasks_columns_int=\count281
\g__tasks_rows_int=\count282
\g__tasks_current_col_num_int=\count283
\g__tasks_current_row_num_int=\count284
\l__tasks_item_columns_int=\count285
\g__tasks_env_int=\count286
\l__tasks_start_int=\count287
\l__tasks_item_indent_dim=\dimen156
\l__tasks_item_default_indent_dim=\dimen157
\l__tasks_item_width_dim=\dimen158
\l__tasks_label_width_dim=\dimen159
\l__tasks_label_default_width_dim=\dimen160
\l__tasks_label_offset_dim=\dimen161
\l__tasks_label_default_offset_dim=\dimen162
\l__tasks_column_sep_dim=\dimen163
\l__tasks_correction_dim=\dimen164
\l__tasks_full_width_dim=\dimen165
\l__tasks_after_item_skip=\skip56
\l__tasks_custom_after_item_skip=\skip57
\l__tasks_before_list_skip=\skip58
\l__tasks_after_list_skip=\skip59
\l__tasks_item_coffin=\box48
\l__tasks_label_coffin=\box49
\c@task=\count288
\l__tasks_tmpa_int=\count289
\l__tasks_tmpb_int=\count290
\l__tasks_tmpa_coffin=\box50
\l__tasks_tmpa_box=\box51

Package xtemplate Info: Declaring object type 'tasks' taking 3 argument(s) on
(xtemplate)             line 426.


(/usr/share/texlive/texmf-dist/tex/latex/tasks/tasks.cfg))
(/usr/share/texlive/texmf-dist/tex/latex/mdwtools/footnote.sty
Package: footnote 1997/01/28 1.13 Save footnotes around boxes
\fn@notes=\box52
\fn@width=\dimen166
)
(/usr/share/texlive/texmf-dist/tex/latex/enumitem/enumitem.sty
Package: enumitem 2019/06/20 v3.9 Customized lists
\labelindent=\skip60
\enit@outerparindent=\dimen167
\enit@toks=\toks34
\enit@inbox=\box53
\enit@count@id=\count291
\enitdp@description=\count292
)
(/usr/share/texlive/texmf-dist/tex/latex/tcolorbox/tcolorbox.sty
Package: tcolorbox 2019/11/15 version 4.22 text color boxes

(/usr/share/texlive/texmf-dist/tex/latex/pgf/basiclayer/pgf.sty
(/usr/share/texlive/texmf-dist/tex/latex/pgf/utilities/pgfrcs.sty
(/usr/share/texlive/texmf-dist/tex/generic/pgf/utilities/pgfutil-common.tex
\pgfutil@everybye=\toks35
\pgfutil@tempdima=\dimen168
\pgfutil@tempdimb=\dimen169

(/usr/share/texlive/texmf-dist/tex/generic/pgf/utilities/pgfutil-common-lists.t
ex)) (/usr/share/texlive/texmf-dist/tex/generic/pgf/utilities/pgfutil-latex.def
\pgfutil@abb=\box54
(/usr/share/texlive/texmf-dist/tex/latex/ms/everyshi.sty
Package: everyshi 2001/05/15 v3.00 EveryShipout Package (MS)
))
(/usr/share/texlive/texmf-dist/tex/generic/pgf/utilities/pgfrcs.code.tex
(/usr/share/texlive/texmf-dist/tex/generic/pgf/pgf.revision.tex)
Package: pgfrcs 2020/01/08 v3.1.5b (3.1.5b)
))
Package: pgf 2020/01/08 v3.1.5b (3.1.5b)

(/usr/share/texlive/texmf-dist/tex/latex/pgf/basiclayer/pgfcore.sty
(/usr/share/texlive/texmf-dist/tex/latex/pgf/systemlayer/pgfsys.sty
(/usr/share/texlive/texmf-dist/tex/generic/pgf/systemlayer/pgfsys.code.tex
Package: pgfsys 2020/01/08 v3.1.5b (3.1.5b)

(/usr/share/texlive/texmf-dist/tex/generic/pgf/utilities/pgfkeys.code.tex
\pgfkeys@pathtoks=\toks36
\pgfkeys@temptoks=\toks37

(/usr/share/texlive/texmf-dist/tex/generic/pgf/utilities/pgfkeysfiltered.code.t
ex
\pgfkeys@tmptoks=\toks38
))
\pgf@x=\dimen170
\pgf@y=\dimen171
\pgf@xa=\dimen172
\pgf@ya=\dimen173
\pgf@xb=\dimen174
\pgf@yb=\dimen175
\pgf@xc=\dimen176
\pgf@yc=\dimen177
\pgf@xd=\dimen178
\pgf@yd=\dimen179
\w@pgf@writea=\write3
\r@pgf@reada=\read4
\c@pgf@counta=\count293
\c@pgf@countb=\count294
\c@pgf@countc=\count295
\c@pgf@countd=\count296
\t@pgf@toka=\toks39
\t@pgf@tokb=\toks40
\t@pgf@tokc=\toks41
\pgf@sys@id@count=\count297
 (/usr/share/texlive/texmf-dist/tex/generic/pgf/systemlayer/pgf.cfg
File: pgf.cfg 2020/01/08 v3.1.5b (3.1.5b)
)
Driver file for pgf: pgfsys-xetex.def

(/usr/share/texlive/texmf-dist/tex/generic/pgf/systemlayer/pgfsys-xetex.def
File: pgfsys-xetex.def 2020/01/08 v3.1.5b (3.1.5b)

(/usr/share/texlive/texmf-dist/tex/generic/pgf/systemlayer/pgfsys-dvipdfmx.def
File: pgfsys-dvipdfmx.def 2020/01/08 v3.1.5b (3.1.5b)

(/usr/share/texlive/texmf-dist/tex/generic/pgf/systemlayer/pgfsys-common-pdf.de
f
File: pgfsys-common-pdf.def 2020/01/08 v3.1.5b (3.1.5b)
)
\pgfsys@objnum=\count298
)))
(/usr/share/texlive/texmf-dist/tex/generic/pgf/systemlayer/pgfsyssoftpath.code.
tex
File: pgfsyssoftpath.code.tex 2020/01/08 v3.1.5b (3.1.5b)
\pgfsyssoftpath@smallbuffer@items=\count299
\pgfsyssoftpath@bigbuffer@items=\count300
)
(/usr/share/texlive/texmf-dist/tex/generic/pgf/systemlayer/pgfsysprotocol.code.
tex
File: pgfsysprotocol.code.tex 2020/01/08 v3.1.5b (3.1.5b)
)) (/usr/share/texlive/texmf-dist/tex/latex/xcolor/xcolor.sty
Package: xcolor 2016/05/11 v2.12 LaTeX color extensions (UK)

(/usr/share/texlive/texmf-dist/tex/latex/graphics-cfg/color.cfg
File: color.cfg 2016/01/02 v1.6 sample color configuration
)
Package xcolor Info: Driver file: xetex.def on input line 225.
LaTeX Info: Redefining \color on input line 709.
Package xcolor Info: Model `cmy' substituted by `cmy0' on input line 1348.
Package xcolor Info: Model `RGB' extended on input line 1364.
Package xcolor Info: Model `HTML' substituted by `rgb' on input line 1366.
Package xcolor Info: Model `Hsb' substituted by `hsb' on input line 1367.
Package xcolor Info: Model `tHsb' substituted by `hsb' on input line 1368.
Package xcolor Info: Model `HSB' substituted by `hsb' on input line 1369.
Package xcolor Info: Model `Gray' substituted by `gray' on input line 1370.
Package xcolor Info: Model `wave' substituted by `hsb' on input line 1371.
)
(/usr/share/texlive/texmf-dist/tex/generic/pgf/basiclayer/pgfcore.code.tex
Package: pgfcore 2020/01/08 v3.1.5b (3.1.5b)

(/usr/share/texlive/texmf-dist/tex/generic/pgf/math/pgfmath.code.tex
(/usr/share/texlive/texmf-dist/tex/generic/pgf/math/pgfmathcalc.code.tex
(/usr/share/texlive/texmf-dist/tex/generic/pgf/math/pgfmathutil.code.tex)
(/usr/share/texlive/texmf-dist/tex/generic/pgf/math/pgfmathparser.code.tex
\pgfmath@dimen=\dimen180
\pgfmath@count=\count301
\pgfmath@box=\box55
\pgfmath@toks=\toks42
\pgfmath@stack@operand=\toks43
\pgfmath@stack@operation=\toks44
)
(/usr/share/texlive/texmf-dist/tex/generic/pgf/math/pgfmathfunctions.code.tex
(/usr/share/texlive/texmf-dist/tex/generic/pgf/math/pgfmathfunctions.basic.code
.tex)
(/usr/share/texlive/texmf-dist/tex/generic/pgf/math/pgfmathfunctions.trigonomet
ric.code.tex)
(/usr/share/texlive/texmf-dist/tex/generic/pgf/math/pgfmathfunctions.random.cod
e.tex)
(/usr/share/texlive/texmf-dist/tex/generic/pgf/math/pgfmathfunctions.comparison
.code.tex)
(/usr/share/texlive/texmf-dist/tex/generic/pgf/math/pgfmathfunctions.base.code.
tex)
(/usr/share/texlive/texmf-dist/tex/generic/pgf/math/pgfmathfunctions.round.code
.tex)
(/usr/share/texlive/texmf-dist/tex/generic/pgf/math/pgfmathfunctions.misc.code.
tex)
(/usr/share/texlive/texmf-dist/tex/generic/pgf/math/pgfmathfunctions.integerari
thmetics.code.tex)))
(/usr/share/texlive/texmf-dist/tex/generic/pgf/math/pgfmathfloat.code.tex
\c@pgfmathroundto@lastzeros=\count302
))
(/usr/share/texlive/texmf-dist/tex/generic/pgf/math/pgfint.code.tex)
(/usr/share/texlive/texmf-dist/tex/generic/pgf/basiclayer/pgfcorepoints.code.te
x
File: pgfcorepoints.code.tex 2020/01/08 v3.1.5b (3.1.5b)
\pgf@picminx=\dimen181
\pgf@picmaxx=\dimen182
\pgf@picminy=\dimen183
\pgf@picmaxy=\dimen184
\pgf@pathminx=\dimen185
\pgf@pathmaxx=\dimen186
\pgf@pathminy=\dimen187
\pgf@pathmaxy=\dimen188
\pgf@xx=\dimen189
\pgf@xy=\dimen190
\pgf@yx=\dimen191
\pgf@yy=\dimen192
\pgf@zx=\dimen193
\pgf@zy=\dimen194
)
(/usr/share/texlive/texmf-dist/tex/generic/pgf/basiclayer/pgfcorepathconstruct.
code.tex
File: pgfcorepathconstruct.code.tex 2020/01/08 v3.1.5b (3.1.5b)
\pgf@path@lastx=\dimen195
\pgf@path@lasty=\dimen196
)
(/usr/share/texlive/texmf-dist/tex/generic/pgf/basiclayer/pgfcorepathusage.code
.tex
File: pgfcorepathusage.code.tex 2020/01/08 v3.1.5b (3.1.5b)
\pgf@shorten@end@additional=\dimen197
\pgf@shorten@start@additional=\dimen198
)
(/usr/share/texlive/texmf-dist/tex/generic/pgf/basiclayer/pgfcorescopes.code.te
x
File: pgfcorescopes.code.tex 2020/01/08 v3.1.5b (3.1.5b)
\pgfpic=\box56
\pgf@hbox=\box57
\pgf@layerbox@main=\box58
\pgf@picture@serial@count=\count303
)
(/usr/share/texlive/texmf-dist/tex/generic/pgf/basiclayer/pgfcoregraphicstate.c
ode.tex
File: pgfcoregraphicstate.code.tex 2020/01/08 v3.1.5b (3.1.5b)
\pgflinewidth=\dimen199
)
(/usr/share/texlive/texmf-dist/tex/generic/pgf/basiclayer/pgfcoretransformation
s.code.tex
File: pgfcoretransformations.code.tex 2020/01/08 v3.1.5b (3.1.5b)
\pgf@pt@x=\dimen256
\pgf@pt@y=\dimen257
\pgf@pt@temp=\dimen258
)
(/usr/share/texlive/texmf-dist/tex/generic/pgf/basiclayer/pgfcorequick.code.tex
File: pgfcorequick.code.tex 2020/01/08 v3.1.5b (3.1.5b)
)
(/usr/share/texlive/texmf-dist/tex/generic/pgf/basiclayer/pgfcoreobjects.code.t
ex
File: pgfcoreobjects.code.tex 2020/01/08 v3.1.5b (3.1.5b)
)
(/usr/share/texlive/texmf-dist/tex/generic/pgf/basiclayer/pgfcorepathprocessing
.code.tex
File: pgfcorepathprocessing.code.tex 2020/01/08 v3.1.5b (3.1.5b)
)
(/usr/share/texlive/texmf-dist/tex/generic/pgf/basiclayer/pgfcorearrows.code.te
x
File: pgfcorearrows.code.tex 2020/01/08 v3.1.5b (3.1.5b)
\pgfarrowsep=\dimen259
)
(/usr/share/texlive/texmf-dist/tex/generic/pgf/basiclayer/pgfcoreshade.code.tex
File: pgfcoreshade.code.tex 2020/01/08 v3.1.5b (3.1.5b)
\pgf@max=\dimen260
\pgf@sys@shading@range@num=\count304
\pgf@shadingcount=\count305
)
(/usr/share/texlive/texmf-dist/tex/generic/pgf/basiclayer/pgfcoreimage.code.tex
File: pgfcoreimage.code.tex 2020/01/08 v3.1.5b (3.1.5b)

(/usr/share/texlive/texmf-dist/tex/generic/pgf/basiclayer/pgfcoreexternal.code.
tex
File: pgfcoreexternal.code.tex 2020/01/08 v3.1.5b (3.1.5b)
\pgfexternal@startupbox=\box59
))
(/usr/share/texlive/texmf-dist/tex/generic/pgf/basiclayer/pgfcorelayers.code.te
x
File: pgfcorelayers.code.tex 2020/01/08 v3.1.5b (3.1.5b)
)
(/usr/share/texlive/texmf-dist/tex/generic/pgf/basiclayer/pgfcoretransparency.c
ode.tex
File: pgfcoretransparency.code.tex 2020/01/08 v3.1.5b (3.1.5b)
)
(/usr/share/texlive/texmf-dist/tex/generic/pgf/basiclayer/pgfcorepatterns.code.
tex
File: pgfcorepatterns.code.tex 2020/01/08 v3.1.5b (3.1.5b)
)
(/usr/share/texlive/texmf-dist/tex/generic/pgf/basiclayer/pgfcorerdf.code.tex
File: pgfcorerdf.code.tex 2020/01/08 v3.1.5b (3.1.5b)
)))
(/usr/share/texlive/texmf-dist/tex/generic/pgf/modules/pgfmoduleshapes.code.tex
File: pgfmoduleshapes.code.tex 2020/01/08 v3.1.5b (3.1.5b)
\pgfnodeparttextbox=\box60
) (/usr/share/texlive/texmf-dist/tex/generic/pgf/modules/pgfmoduleplot.code.tex
File: pgfmoduleplot.code.tex 2020/01/08 v3.1.5b (3.1.5b)
)
(/usr/share/texlive/texmf-dist/tex/latex/pgf/compatibility/pgfcomp-version-0-65
.sty
Package: pgfcomp-version-0-65 2020/01/08 v3.1.5b (3.1.5b)
\pgf@nodesepstart=\dimen261
\pgf@nodesepend=\dimen262
)
(/usr/share/texlive/texmf-dist/tex/latex/pgf/compatibility/pgfcomp-version-1-18
.sty
Package: pgfcomp-version-1-18 2020/01/08 v3.1.5b (3.1.5b)
)) (/usr/share/texlive/texmf-dist/tex/latex/tools/verbatim.sty
Package: verbatim 2019/11/10 v1.5r LaTeX2e package for verbatim enhancements
\every@verbatim=\toks45
\verbatim@line=\toks46
\verbatim@in@stream=\read5
)
(/usr/share/texlive/texmf-dist/tex/latex/environ/environ.sty
Package: environ 2014/05/04 v0.3 A new way to define environments

(/usr/share/texlive/texmf-dist/tex/latex/trimspaces/trimspaces.sty
Package: trimspaces 2009/09/17 v1.1 Trim spaces around a token list
))
\tcb@titlebox=\box61
\tcb@upperbox=\box62
\tcb@lowerbox=\box63
\tcb@phantombox=\box64
\c@tcbbreakpart=\count306
\c@tcblayer=\count307
\tcolorbox@number=\count308
\tcb@temp=\box65
\tcb@temp=\box66
\tcb@temp=\box67
\tcb@temp=\box68
\tcb@out=\write4
\tcb@record@out=\write5
)
(/usr/share/texlive/texmf-dist/tex/latex/tcolorbox/tcbtheorems.code.tex
Library (tcolorbox): 'tcbtheorems.code.tex' version '4.22'
) (/usr/share/texlive/texmf-dist/tex/latex/titlesec/titlesec.sty
Package: titlesec 2019/10/16 v2.13 Sectioning titles
\ttl@box=\box69
\beforetitleunit=\skip61
\aftertitleunit=\skip62
\ttl@plus=\dimen263
\ttl@minus=\dimen264
\ttl@toksa=\toks47
\titlewidth=\dimen265
\titlewidthlast=\dimen266
\titlewidthfirst=\dimen267
)
(/usr/share/texlive/texmf-dist/tex/latex/preprint/fullpage.sty
Package: fullpage 1999/02/23 1.1 (PWD)
\FP@margin=\skip63
)
(/usr/share/texlive/texmf-dist/tex/latex/url/url.sty
\Urlmuskip=\muskip18
Package: url 2013/09/16  ver 3.4  Verb mode for urls, etc.
)
(/usr/share/texlive/texmf-dist/tex/latex/tools/varioref.sty
Package: varioref 2020/01/23 v1.6c package for extended references (FMi)
\c@vrcnt=\count309
)
(/usr/share/texlive/texmf-dist/tex/latex/base/makeidx.sty
Package: makeidx 2014/09/29 v1.0m Standard LaTeX package
)
(/usr/share/texlive/texmf-dist/tex/latex/hyperref/hyperref.sty
Package: hyperref 2020/01/14 v7.00d Hypertext links for LaTeX

(/usr/share/texlive/texmf-dist/tex/generic/ltxcmds/ltxcmds.sty
Package: ltxcmds 2019/12/15 v1.24 LaTeX kernel commands for general use (HO)
)
(/usr/share/texlive/texmf-dist/tex/latex/pdftexcmds/pdftexcmds.sty
Package: pdftexcmds 2019/11/24 v0.31 Utility functions of pdfTeX for LuaTeX (HO
)

(/usr/share/texlive/texmf-dist/tex/generic/infwarerr/infwarerr.sty
Package: infwarerr 2019/12/03 v1.5 Providing info/warning/error messages (HO)
)
Package pdftexcmds Info: \pdf@primitive is available.
Package pdftexcmds Info: \pdf@ifprimitive is available.
Package pdftexcmds Info: \pdfdraftmode not found.
)
(/usr/share/texlive/texmf-dist/tex/generic/kvsetkeys/kvsetkeys.sty
Package: kvsetkeys 2019/12/15 v1.18 Key value parser (HO)
)
(/usr/share/texlive/texmf-dist/tex/generic/kvdefinekeys/kvdefinekeys.sty
Package: kvdefinekeys 2019-12-19 v1.6 Define keys (HO)
)
(/usr/share/texlive/texmf-dist/tex/generic/pdfescape/pdfescape.sty
Package: pdfescape 2019/12/09 v1.15 Implements pdfTeX's escape features (HO)
)
(/usr/share/texlive/texmf-dist/tex/latex/hycolor/hycolor.sty
Package: hycolor 2020-01-27 v1.10 Color options for hyperref/bookmark (HO)
)
(/usr/share/texlive/texmf-dist/tex/latex/letltxmacro/letltxmacro.sty
Package: letltxmacro 2019/12/03 v1.6 Let assignment for LaTeX macros (HO)
)
(/usr/share/texlive/texmf-dist/tex/latex/auxhook/auxhook.sty
Package: auxhook 2019-12-17 v1.6 Hooks for auxiliary files (HO)
)
(/usr/share/texlive/texmf-dist/tex/latex/kvoptions/kvoptions.sty
Package: kvoptions 2019/11/29 v3.13 Key value format for package options (HO)
)
\@linkdim=\dimen268
\Hy@linkcounter=\count310
\Hy@pagecounter=\count311

(/usr/share/texlive/texmf-dist/tex/latex/hyperref/pd1enc.def
File: pd1enc.def 2020/01/14 v7.00d Hyperref: PDFDocEncoding definition (HO)
)
(/usr/share/texlive/texmf-dist/tex/generic/intcalc/intcalc.sty
Package: intcalc 2019/12/15 v1.3 Expandable calculations with integers (HO)
)
(/usr/share/texlive/texmf-dist/tex/generic/etexcmds/etexcmds.sty
Package: etexcmds 2019/12/15 v1.7 Avoid name clashes with e-TeX commands (HO)
)
\Hy@SavedSpaceFactor=\count312
Package hyperref Info: Hyper figures OFF on input line 4547.
Package hyperref Info: Link nesting OFF on input line 4552.
Package hyperref Info: Hyper index ON on input line 4555.
Package hyperref Info: Plain pages OFF on input line 4562.
Package hyperref Info: Backreferencing OFF on input line 4567.
Package hyperref Info: Implicit mode ON; LaTeX internals redefined.
Package hyperref Info: Bookmarks ON on input line 4800.
\c@Hy@tempcnt=\count313
LaTeX Info: Redefining \url on input line 5159.
\XeTeXLinkMargin=\dimen269

(/usr/share/texlive/texmf-dist/tex/generic/bitset/bitset.sty
Package: bitset 2019/12/09 v1.3 Handle bit-vector datatype (HO)

(/usr/share/texlive/texmf-dist/tex/generic/bigintcalc/bigintcalc.sty
Package: bigintcalc 2019/12/15 v1.5 Expandable calculations on big integers (HO
)
))
\Fld@menulength=\count314
\Field@Width=\dimen270
\Fld@charsize=\dimen271
Package hyperref Info: Hyper figures OFF on input line 6430.
Package hyperref Info: Link nesting OFF on input line 6435.
Package hyperref Info: Hyper index ON on input line 6438.
Package hyperref Info: backreferencing OFF on input line 6445.
Package hyperref Info: Link coloring OFF on input line 6450.
Package hyperref Info: Link coloring with OCG OFF on input line 6455.
Package hyperref Info: PDF/A mode OFF on input line 6460.
LaTeX Info: Redefining \ref on input line 6500.
LaTeX Info: Redefining \pageref on input line 6504.

(/usr/share/texlive/texmf-dist/tex/generic/atbegshi/atbegshi.sty
Package: atbegshi 2019/12/05 v1.19 At begin shipout hook (HO)
)
\Hy@abspage=\count315
\c@Item=\count316
\c@Hfootnote=\count317
)
Package hyperref Info: Driver (autodetected): hxetex.

(/usr/share/texlive/texmf-dist/tex/latex/hyperref/hxetex.def
File: hxetex.def 2020/01/14 v7.00d Hyperref driver for XeTeX

(/usr/share/texlive/texmf-dist/tex/latex/hyperref/puenc.def
File: puenc.def 2020/01/14 v7.00d Hyperref: PDF Unicode definition (HO)
)
(/usr/share/texlive/texmf-dist/tex/generic/stringenc/stringenc.sty
Package: stringenc 2019/11/29 v1.12 Convert strings between diff. encodings (HO
)
)
\pdfm@box=\box70
\c@Hy@AnnotLevel=\count318
\HyField@AnnotCount=\count319
\Fld@listcount=\count320
\c@bookmark@seq@number=\count321

(/usr/share/texlive/texmf-dist/tex/latex/rerunfilecheck/rerunfilecheck.sty
Package: rerunfilecheck 2019/12/05 v1.9 Rerun checks for auxiliary files (HO)

(/usr/share/texlive/texmf-dist/tex/latex/atveryend/atveryend.sty
Package: atveryend 2019-12-11 v1.11 Hooks at the very end of document (HO)
)
(/usr/share/texlive/texmf-dist/tex/generic/uniquecounter/uniquecounter.sty
Package: uniquecounter 2019/12/15 v1.4 Provide unlimited unique counter (HO)
)
Package uniquecounter Info: New unique counter `rerunfilecheck' on input line 2
86.
)
\Hy@SectionHShift=\skip64
)
(/usr/share/texlive/texmf-dist/tex/latex/oberdiek/hypcap.sty
Package: hypcap 2016/05/16 v1.12 Adjusting the anchors of captions (HO)
)
(/usr/share/texlive/texmf-dist/tex/latex/caption/caption.sty
Package: caption 2020/01/03 v3.4h Customizing captions (AR)

(/usr/share/texlive/texmf-dist/tex/latex/caption/caption3.sty
Package: caption3 2020/01/03 v1.8h caption3 kernel (AR)
Package caption3 Info: TeX engine: e-TeX on input line 61.
\captionmargin=\dimen272
\captionmargin@=\dimen273
\captionwidth=\dimen274
\caption@tempdima=\dimen275
\caption@indent=\dimen276
\caption@parindent=\dimen277
\caption@hangindent=\dimen278
Package caption Info: Standard document class detected.
)
\c@caption@flags=\count322
\c@continuedfloat=\count323
Package caption Info: hyperref package is loaded.
Package caption Info: hypcap package is loaded.
)
(/usr/share/texlive/texmf-dist/tex/latex/tikz-cd/tikz-cd.sty
Package: tikz-cd 2018/11/19 v0.9f Commutative diagrams with TikZ

(/usr/share/texlive/texmf-dist/tex/latex/pgf/frontendlayer/tikz.sty
(/usr/share/texlive/texmf-dist/tex/latex/pgf/utilities/pgffor.sty
(/usr/share/texlive/texmf-dist/tex/latex/pgf/utilities/pgfkeys.sty
(/usr/share/texlive/texmf-dist/tex/generic/pgf/utilities/pgfkeys.code.tex))
(/usr/share/texlive/texmf-dist/tex/latex/pgf/math/pgfmath.sty
(/usr/share/texlive/texmf-dist/tex/generic/pgf/math/pgfmath.code.tex))
(/usr/share/texlive/texmf-dist/tex/generic/pgf/utilities/pgffor.code.tex
Package: pgffor 2020/01/08 v3.1.5b (3.1.5b)

(/usr/share/texlive/texmf-dist/tex/generic/pgf/math/pgfmath.code.tex)
\pgffor@iter=\dimen279
\pgffor@skip=\dimen280
\pgffor@stack=\toks48
\pgffor@toks=\toks49
))
(/usr/share/texlive/texmf-dist/tex/generic/pgf/frontendlayer/tikz/tikz.code.tex
Package: tikz 2020/01/08 v3.1.5b (3.1.5b)

(/usr/share/texlive/texmf-dist/tex/generic/pgf/libraries/pgflibraryplothandlers
.code.tex
File: pgflibraryplothandlers.code.tex 2020/01/08 v3.1.5b (3.1.5b)
\pgf@plot@mark@count=\count324
\pgfplotmarksize=\dimen281
)
\tikz@lastx=\dimen282
\tikz@lasty=\dimen283
\tikz@lastxsaved=\dimen284
\tikz@lastysaved=\dimen285
\tikz@lastmovetox=\dimen286
\tikz@lastmovetoy=\dimen287
\tikzleveldistance=\dimen288
\tikzsiblingdistance=\dimen289
\tikz@figbox=\box71
\tikz@figbox@bg=\box72
\tikz@tempbox=\box73
\tikz@tempbox@bg=\box74
\tikztreelevel=\count325
\tikznumberofchildren=\count326
\tikznumberofcurrentchild=\count327
\tikz@fig@count=\count328

(/usr/share/texlive/texmf-dist/tex/generic/pgf/modules/pgfmodulematrix.code.tex
File: pgfmodulematrix.code.tex 2020/01/08 v3.1.5b (3.1.5b)
\pgfmatrixcurrentrow=\count329
\pgfmatrixcurrentcolumn=\count330
\pgf@matrix@numberofcolumns=\count331
)
\tikz@expandcount=\count332

(/usr/share/texlive/texmf-dist/tex/generic/pgf/frontendlayer/tikz/libraries/tik
zlibrarytopaths.code.tex
File: tikzlibrarytopaths.code.tex 2020/01/08 v3.1.5b (3.1.5b)
)))
(/usr/share/texlive/texmf-dist/tex/generic/tikz-cd/tikzlibrarycd.code.tex
(/usr/share/texlive/texmf-dist/tex/generic/pgf/frontendlayer/tikz/libraries/tik
zlibrarymatrix.code.tex
File: tikzlibrarymatrix.code.tex 2020/01/08 v3.1.5b (3.1.5b)
)
(/usr/share/texlive/texmf-dist/tex/generic/pgf/frontendlayer/tikz/libraries/tik
zlibraryquotes.code.tex
File: tikzlibraryquotes.code.tex 2020/01/08 v3.1.5b (3.1.5b)
)
(/usr/share/texlive/texmf-dist/tex/generic/pgf/libraries/pgflibraryarrows.meta.
code.tex
File: pgflibraryarrows.meta.code.tex 2020/01/08 v3.1.5b (3.1.5b)
\pgfarrowinset=\dimen290
\pgfarrowlength=\dimen291
\pgfarrowwidth=\dimen292
\pgfarrowlinewidth=\dimen293
))) (/usr/share/texlive/texmf-dist/tex/latex/units/units.sty
Package: units 1998/08/04 v0.9b Typesetting units

(/usr/share/texlive/texmf-dist/tex/latex/base/ifthen.sty
Package: ifthen 2014/09/29 v1.1c Standard LaTeX ifthen package (DPC)
)
(/usr/share/texlive/texmf-dist/tex/latex/units/nicefrac.sty
Package: nicefrac 1998/08/04 v0.9b Nice fractions
\L@UnitsRaiseDisplaystyle=\skip65
\L@UnitsRaiseTextstyle=\skip66
\L@UnitsRaiseScriptstyle=\skip67
))
(/usr/share/texlive/texmf-dist/tex/latex/booktabs/booktabs.sty
Package: booktabs 2020/01/12 v1.61803398 Publication quality tables
\heavyrulewidth=\dimen294
\lightrulewidth=\dimen295
\cmidrulewidth=\dimen296
\belowrulesep=\dimen297
\belowbottomsep=\dimen298
\aboverulesep=\dimen299
\abovetopsep=\dimen300
\cmidrulesep=\dimen301
\cmidrulekern=\dimen302
\defaultaddspace=\dimen303
\@cmidla=\count333
\@cmidlb=\count334
\@aboverulesep=\dimen304
\@belowrulesep=\dimen305
\@thisruleclass=\count335
\@lastruleclass=\count336
\@thisrulewidth=\dimen306
)
(/usr/share/texlive/texmf-dist/tex/latex/microtype/microtype.sty
Package: microtype 2019/11/18 v2.7d Micro-typographical refinements (RS)
\MT@toks=\toks50
\MT@count=\count337
LaTeX Info: Redefining \textls on input line 790.
\MT@outer@kern=\dimen307
LaTeX Info: Redefining \textmicrotypecontext on input line 1354.
\MT@listname@count=\count338

(/usr/share/texlive/texmf-dist/tex/latex/microtype/microtype-xetex.def
File: microtype-xetex.def 2019/11/18 v2.7d Definitions specific to xetex (RS)
LaTeX Info: Redefining \lsstyle on input line 258.
)
Package microtype Info: Loading configuration file microtype.cfg.

(/usr/share/texlive/texmf-dist/tex/latex/microtype/microtype.cfg
File: microtype.cfg 2019/11/18 v2.7d microtype main configuration file (RS)
))
(/usr/share/texlive/texmf-dist/tex/latex/cancel/cancel.sty
Package: cancel 2013/04/12 v2.2 Cancel math terms
) (./mywrapfig.sty
\wrapintextsep=\skip68
\wrapoverhang=\dimen308
\WF@size=\dimen309
\c@WF@wrappedlines=\count339
\WF@box=\box75
\WF@everypar=\toks51
Package: mywrapfig 2003/01/31  v 3.6
)
(/usr/share/texlive/texmf-dist/tex/latex/import/import.sty
Package: import 2009/03/23  v 5.1
)
\c@pp@a@footnote=\count340

(/usr/share/texlive/texmf-dist/tex/generic/stringenc/se-ascii-print.def
File: se-ascii-print.def 2019/11/29 v1.12 stringenc: Printable ASCII characters

)
\@indexfile=\write6
\openout6 = `diffyqs.idx'.


Writing index file diffyqs.idx
\c@theorem=\count341
\c@exercise=\count342
\answerscollect=\box76
\c@example=\count343
\c@remark=\count344
) (./diffyqs.aux)
\openout1 = `diffyqs.aux'.

LaTeX Font Info:    Checking defaults for OML/npxmi/m/it on input line 63.
LaTeX Font Info:    Trying to load font information for OML+npxmi on input line
 63.
 (/usr/share/texlive/texmf-dist/tex/latex/newpx/omlnpxmi.fd
File: omlnpxmi.fd 2013/03/21 Fontinst v1.933 font definitions for OML/npxmi.
)
LaTeX Font Info:    ... okay on input line 63.
LaTeX Font Info:    Checking defaults for OMS/cmsy/m/n on input line 63.
LaTeX Font Info:    ... okay on input line 63.
LaTeX Font Info:    Checking defaults for OT1/cmr/m/n on input line 63.
LaTeX Font Info:    ... okay on input line 63.
LaTeX Font Info:    Checking defaults for T1/cmr/m/n on input line 63.
LaTeX Font Info:    ... okay on input line 63.
LaTeX Font Info:    Checking defaults for TS1/cmr/m/n on input line 63.
LaTeX Font Info:    Trying to load font information for TS1+cmr on input line 6
3.

(/usr/share/texlive/texmf-dist/tex/latex/base/ts1cmr.fd
File: ts1cmr.fd 2019/12/16 v2.5j Standard LaTeX font definitions
)
LaTeX Font Info:    ... okay on input line 63.
LaTeX Font Info:    Checking defaults for TU/lmr/m/n on input line 63.
LaTeX Font Info:    ... okay on input line 63.
LaTeX Font Info:    Checking defaults for OMX/cmex/m/n on input line 63.
LaTeX Font Info:    ... okay on input line 63.
LaTeX Font Info:    Checking defaults for U/npxexa/m/n on input line 63.
LaTeX Font Info:    Trying to load font information for U+npxexa on input line 
63.

(/usr/share/texlive/texmf-dist/tex/latex/newpx/unpxexa.fd
File: unpxexa.fd 2013/03/24 Fontinst v1.933 font definitions for U/npxexa.
)
LaTeX Font Info:    ... okay on input line 63.
LaTeX Font Info:    Checking defaults for LMS/npxsy/m/n on input line 63.
LaTeX Font Info:    Trying to load font information for LMS+npxsy on input line
 63.

(/usr/share/texlive/texmf-dist/tex/latex/newpx/lmsnpxsy.fd
File: lmsnpxsy.fd 2016/07/04 Fontinst v1.933 font definitions for LMS/npxsy.
)
LaTeX Font Info:    ... okay on input line 63.
LaTeX Font Info:    Checking defaults for LMX/npxexx/m/n on input line 63.
LaTeX Font Info:    Trying to load font information for LMX+npxexx on input lin
e 63.

(/usr/share/texlive/texmf-dist/tex/latex/newpx/lmxnpxexx.fd
File: lmxnpxexx.fd 2016/07/04 Fontinst v1.933 font definitions for LMX/npxexx.
)
LaTeX Font Info:    ... okay on input line 63.
LaTeX Font Info:    Checking defaults for PD1/pdf/m/n on input line 63.
LaTeX Font Info:    ... okay on input line 63.
LaTeX Font Info:    Checking defaults for PU/pdf/m/n on input line 63.
LaTeX Font Info:    ... okay on input line 63.
LaTeX Info: Redefining \dots on input line 63.
Package french.ldf Info: Setting StandardItemizeEnv=true for
(french.ldf)             compatibility with enumitem package,
(french.ldf)             reported on input line 63.
Package french.ldf Info: Setting StandardEnumerateEnv=true for
(french.ldf)             compatibility with enumitem package,
(french.ldf)             reported on input line 63.
LaTeX Info: Redefining \up on input line 63.
\c@mv@tabular=\count345
\c@mv@boldtabular=\count346

ABD: EveryShipout initializing macros
\AtBeginShipoutBox=\box77
Package hyperref Info: Link coloring OFF on input line 63.

(/usr/share/texlive/texmf-dist/tex/latex/hyperref/nameref.sty
Package: nameref 2019/09/16 v2.46 Cross-referencing by name of section

(/usr/share/texlive/texmf-dist/tex/latex/refcount/refcount.sty
Package: refcount 2019/12/15 v3.6 Data extraction from label references (HO)
)
(/usr/share/texlive/texmf-dist/tex/generic/gettitlestring/gettitlestring.sty
Package: gettitlestring 2019/12/15 v1.6 Cleanup title references (HO)
)
\c@section@level=\count347
LaTeX Info: Redefining \Ref on input line 520.
)
LaTeX Info: Redefining \ref on input line 63.
LaTeX Info: Redefining \pageref on input line 63.
LaTeX Info: Redefining \nameref on input line 63.

(./diffyqs.out) (./diffyqs.out)
\@outlinefile=\write7
\openout7 = `diffyqs.out'.

LaTeX Info: Redefining \Ref on input line 63.
Package caption Info: Begin \AtBeginDocument code.
Package caption Info: End \AtBeginDocument code.
LaTeX Info: Redefining \microtypecontext on input line 63.
Package microtype Info: Character protrusion enabled (level 2).
Package microtype Info: Using default protrusion set `alltext'.
Package microtype Info: No adjustment of tracking.
Package microtype Info: No adjustment of spacing.
Package microtype Info: No adjustment of kerning.

(/usr/share/texlive/texmf-dist/tex/latex/microtype/mt-ppl.cfg
File: mt-ppl.cfg 2005/11/16 v1.6 microtype config. file: Palatino (RS)
)
\centeroffset=\skip69
LaTeX Font Info:    Font shape `T1/zpltlf/m/n' will be
(Font)              scaled to size 24.88pt on input line 133.
LaTeX Font Info:    Font shape `T1/zpltlf/b/n' will be
(Font)              scaled to size 24.88pt on input line 133.
LaTeX Font Info:    Trying to load font information for T1+qhv on input line 13
3.

(/usr/share/texmf/tex/latex/tex-gyre/t1qhv.fd
File: t1qhv.fd 2009/09/25 v1.2 font definition file for T1/qhv
)
LaTeX Font Info:    Font shape `T1/qhv/b/n' will be
(Font)              scaled to size 23.38725pt on input line 133.
Package microtype Info: Loading generic protrusion settings for font family
(microtype)             `qhv' (encoding: T1).
(microtype)             For optimal results, create family-specific settings.
(microtype)             See the microtype manual for details.
LaTeX Font Info:    Font shape `T1/zpltlf/m/it' will be
(Font)              scaled to size 12.0pt on input line 133.
LaTeX Font Info:    Font shape `T1/zpltlf/m/it' will be
(Font)              scaled to size 17.28pt on input line 133.
LaTeX Font Info:    Font shape `T1/qhv/m/it' will be
(Font)              scaled to size 16.24324pt on input line 133.
LaTeX Font Info:    Trying to load font information for OT1+zpltlf on input lin
e 133.

(/usr/share/texlive/texmf-dist/tex/latex/newpx/ot1zpltlf.fd
File: ot1zpltlf.fd 2015/01/17 v1.0 font definition file for OT1/zpl/tlf
)
LaTeX Font Info:    Font shape `OT1/zpltlf/m/n' will be
(Font)              scaled to size 12.0pt on input line 133.
LaTeX Font Info:    Font shape `OT1/zpltlf/m/n' will be
(Font)              scaled to size 8.8pt on input line 133.
LaTeX Font Info:    Font shape `OT1/zpltlf/m/n' will be
(Font)              scaled to size 6.6pt on input line 133.
LaTeX Font Info:    Trying to load font information for U+msa on input line 133
.

(/usr/share/texlive/texmf-dist/tex/latex/amsfonts/umsa.fd
File: umsa.fd 2013/01/14 v3.01 AMS symbols A
)
(/usr/share/texlive/texmf-dist/tex/latex/microtype/mt-msa.cfg
File: mt-msa.cfg 2006/02/04 v1.1 microtype config. file: AMS symbols (a) (RS)
)
LaTeX Font Info:    Trying to load font information for U+msb on input line 133
.

(/usr/share/texlive/texmf-dist/tex/latex/amsfonts/umsb.fd
File: umsb.fd 2013/01/14 v3.01 AMS symbols B
)
(/usr/share/texlive/texmf-dist/tex/latex/microtype/mt-msb.cfg
File: mt-msb.cfg 2005/06/01 v1.0 microtype config. file: AMS symbols (b) (RS)
)
LaTeX Font Info:    Trying to load font information for U+npxmia on input line 
133.

(/usr/share/texlive/texmf-dist/tex/latex/newpx/unpxmia.fd
File: unpxmia.fd 2013/03/24 Fontinst v1.933 font definitions for U/npxmia.
)
LaTeX Font Info:    Trying to load font information for U+npxsym on input line 
133.

(/usr/share/texlive/texmf-dist/tex/latex/newpx/unpxsym.fd
File: unpxsym.fd 2015/03/21 Fontinst v1.933 font definitions for U/npxsym.
)
LaTeX Font Info:    Trying to load font information for U+npxsyc on input line 
133.

(/usr/share/texlive/texmf-dist/tex/latex/newpx/unpxsyc.fd
File: unpxsyc.fd 2013/03/24 Fontinst v1.933 font definitions for U/npxsyc.
)
LaTeX Font Info:    Font shape `T1/zpltlf/b/n' will be
(Font)              scaled to size 12.0pt on input line 133.
 [1

]
LaTeX Font Info:    Font shape `T1/zpltlf/m/n' will be
(Font)              scaled to size 10.95pt on input line 139.
LaTeX Font Info:    Trying to load font information for TS1+zpltlf on input lin
e 146.

(/usr/share/texlive/texmf-dist/tex/latex/newpx/ts1zpltlf.fd
File: ts1zpltlf.fd 2015/01/18 v1.0 fd file for TS1/zpltlf
)
LaTeX Font Info:    Font shape `TS1/zpltlf/m/n' will be
(Font)              scaled to size 10.95pt on input line 146.
File: figures/license.pdf Graphic file (type pdf)
<use figures/license.pdf>
File: figures/license2.pdf Graphic file (type pdf)
<use figures/license2.pdf>
LaTeX Font Info:    Trying to load font information for T1+npxtt on input line 
189.

(/usr/share/texlive/texmf-dist/tex/latex/newpx/t1npxtt.fd
File: t1npxtt.fd 2000/12/14 v1.0
)
LaTeX Font Info:    Font shape `T1/npxtt/m/n' will be
(Font)              scaled to size 10.95pt on input line 189.
Package microtype Info: Loading generic protrusion settings for font family
(microtype)             `npxtt' (encoding: T1).
(microtype)             For optimal results, create family-specific settings.
(microtype)             See the microtype manual for details.
LaTeX Font Info:    Font shape `OT1/zpltlf/m/n' will be
(Font)              scaled to size 10.95pt on input line 189.
LaTeX Font Info:    Font shape `OT1/zpltlf/m/n' will be
(Font)              scaled to size 8.0pt on input line 189.
LaTeX Font Info:    Font shape `OT1/zpltlf/m/n' will be
(Font)              scaled to size 6.1pt on input line 189.
LaTeX Font Info:    Font shape `T1/zpltlf/m/n' will be
(Font)              scaled to size 8.0pt on input line 242.
LaTeX Font Info:    Font shape `T1/zpltlf/m/sl' will be
(Font)              scaled to size 12.0pt on input line 248.
 [2] (./diffyqs.toc
Missing character: There is no  in font zpl-Bold-tlf-t1!

[3

])
\tf@toc=\write8
\openout8 = `diffyqs.toc'.

 [4] (./ch-intro-fr.tex
LaTeX Font Info:    Font shape `T1/zpltlf/m/n' will be
(Font)              scaled to size 17.28pt on input line 9.
LaTeX Font Info:    Font shape `T1/zpltlf/b/n' will be
(Font)              scaled to size 17.28pt on input line 9.
 [5

]
LaTeX Font Info:    Font shape `T1/zpltlf/m/n' will be
(Font)              scaled to size 14.4pt on input line 283.
LaTeX Font Info:    Font shape `T1/zpltlf/b/n' will be
(Font)              scaled to size 14.4pt on input line 283.
 [6

]
File: figures/intro-plots-alt.pdf Graphic file (type pdf)
<use figures/intro-plots-alt.pdf>
LaTeX Font Info:    Font shape `T1/zpltlf/m/sc' will be
(Font)              scaled to size 12.0pt on input line 344.
Package microtype Info: Character `029' is missing
(microtype)             in font `T1/zpltlf/m/sc/12'.
(microtype)             Ignoring protrusion settings for this character.
LaTeX Font Info:    Font shape `T1/zpltlf/m/it' will be
(Font)              scaled to size 10.95pt on input line 344.
LaTeX Font Info:    Font shape `T1/zpltlf/m/scit' will be
(Font)              scaled to size 10.95pt on input line 344.
 [7] [8]
File: figures/intro-plotbact.pdf Graphic file (type pdf)
<use figures/intro-plotbact.pdf>
 [9]
LaTeX Font Info:    Font shape `T1/zpltlf/b/sl' in size <12> not available
(Font)              Font shape `T1/zpltlf/b/it' tried instead on input line 490
.
LaTeX Font Info:    Font shape `T1/zpltlf/b/it' will be
(Font)              scaled to size 12.0pt on input line 490.
 [10]
LaTeX Font Info:    Font shape `T1/zpltlf/m/n' will be
(Font)              scaled to size 8.8pt on input line 554.
LaTeX Font Info:    Font shape `T1/zpltlf/m/n' will be
(Font)              scaled to size 6.6pt on input line 554.
 [11]
Overfull \hbox (3.95824pt too wide) in paragraph at lines 624--624
|\T1/zpltlf/m/sl/12 Aprs com-bien d'an-nes ap-proxi-ma-ti-ve-ment
 []


Overfull \hbox (3.95824pt too wide) in paragraph at lines 624--624
|\T1/zpltlf/m/sl/12 Aprs com-bien d'an-nes ap-proxi-ma-ti-ve-ment
 []


Overfull \hbox (3.95824pt too wide) in paragraph at lines 624--624
|\T1/zpltlf/m/sl/12 Aprs com-bien d'an-nes ap-proxi-ma-ti-ve-ment
 []

[12] [13] [14

] [15] [16]
Overfull \hbox (3.20972pt too wide) in paragraph at lines 899--899
\T1/zpltlf/b/n/12 0.3.101 : \T1/zpltlf/m/n/12 a) EDP, qua-tion, deuxime ordre
, li-naire, non ho-mo-gne, co-ef-fi-cients constants. 
 []

) (./ch-first-order-ode-fr.tex [17] [18

]
Chapitre 1.
[19] [20] [21]
File: figures/1over1mx.pdf Graphic file (type pdf)
<use figures/1over1mx.pdf>
 [22]
LaTeX Font Info:    Font shape `T1/zpltlf/m/sl' will be
(Font)              scaled to size 8.8pt on input line 246.
 [23] [24]
File: figures/1-3-xysl-one.pdf Graphic file (type pdf)
<use figures/1-3-xysl-one.pdf>
 [25

]
File: figures/1-3-xysl.pdf Graphic file (type pdf)
<use figures/1-3-xysl.pdf>
File: figures/1-3-xysl-sol.pdf Graphic file (type pdf)
<use figures/1-3-xysl-sol.pdf>
File: figures/1-3-mysl-sol.pdf Graphic file (type pdf)
<use figures/1-3-mysl-sol.pdf>
 [26]
File: figures/1-3-xinv-sol.pdf Graphic file (type pdf)
<use figures/1-3-xinv-sol.pdf>
File: figures/1-3-sqrt-sol.pdf Graphic file (type pdf)
<use figures/1-3-sqrt-sol.pdf>
LaTeX Font Info:    Font shape `TS1/zpltlf/m/n' will be
(Font)              scaled to size 8.8pt on input line 450.
LaTeX Font Info:    Font shape `T1/zpltlf/m/n' will be
(Font)              scaled to size 10.0pt on input line 452.
LaTeX Font Info:    Font shape `TS1/zpltlf/m/n' will be
(Font)              scaled to size 10.0pt on input line 452.
 [27] [28]
File: figures/yprimex1minusyslope.pdf Graphic file (type pdf)
<use figures/yprimex1minusyslope.pdf>
File: figures/yprime1minusxslope.pdf Graphic file (type pdf)
<use figures/yprime1minusxslope.pdf>
File: figures/yprimexminus2yslope.pdf Graphic file (type pdf)
<use figures/yprimexminus2yslope.pdf>
 [29]
File: figures/yprimey3slope.pdf Graphic file (type pdf)
<use figures/yprimey3slope.pdf>
File: figures/yprimecosyslope.pdf Graphic file (type pdf)
<use figures/yprimecosyslope.pdf>
File: figures/yprimecosxyslope.pdf Graphic file (type pdf)
<use figures/yprimecosxyslope.pdf>
File: figures/yprimesinxslope.pdf Graphic file (type pdf)
<use figures/yprimesinxslope.pdf>
LaTeX Font Info:    Font shape `T1/zpltlf/m/sl' will be
(Font)              scaled to size 6.6pt on input line 633.
 [30] [31

] [32]
File: figures/implicitsols.pdf Graphic file (type pdf)
<use figures/implicitsols.pdf>
 [33]
[34]
File: figures/coffeefig-1-2.pdf Graphic file (type pdf)
<use figures/coffeefig-1-2.pdf>
 [35] [36] [37] [38

] [39] (./figures/lin-tank.pdf_t
File: figures/lin-tank.pdf Graphic file (type pdf)
<use figures/lin-tank.pdf>
) [40]
File: figures/linear-salt-graph.pdf Graphic file (type pdf)
<use figures/linear-salt-graph.pdf>
 [41] [42]
[43]
File: figures/2-2-coffee.pdf Graphic file (type pdf)
<use figures/2-2-coffee.pdf>
File: figures/2-2-logistic.pdf Graphic file (type pdf)
<use figures/2-2-logistic.pdf>
 [44

] [45] (./figures/2-2-l-phasedia.pdf_t
File: figures/2-2-l-phasedia.pdf Graphic file (type pdf)
<use figures/2-2-l-phasedia.pdf>
)
LaTeX Font Info:    Font shape `T1/zpltlf/m/it' will be
(Font)              scaled to size 10.0pt on input line 1464.
 (./figures/2-2-ph-class.pdf_t
File: figures/2-2-ph-class.pdf Graphic file (type pdf)
<use figures/2-2-ph-class.pdf>
)
[46]
File: figures/2-2-logistic-h1.pdf Graphic file (type pdf)
<use figures/2-2-logistic-h1.pdf>
File: figures/2-2-logistic-hc.pdf Graphic file (type pdf)
<use figures/2-2-logistic-hc.pdf>
File: figures/2-2-logistic-h2.pdf Graphic file (type pdf)
<use figures/2-2-logistic-h2.pdf>
 [47] [48] [49]
File: figures/circlesfig.pdf Graphic file (type pdf)
<use figures/circlesfig.pdf>
 [50

] [51] [52] [53]
File: figures/exact-y2x.pdf Graphic file (type pdf)
<use figures/exact-y2x.pdf>
 [54] [55])
(./ch-higher-order-ode-fr.tex [56]
Chapitre 2.
[57

] [58] [59] [60] [61] [62]
Overfull \hbox (42.11223pt too wide) in paragraph at lines 345--345
|[]\T1/zpltlf/b/n/17.28 quations dif-f-ren-tielles d'ordre deux  co-ef-fi-ci
ents constants| 
 []


Overfull \hbox (5.01192pt too wide) in paragraph at lines 360--363
\T1/zpltlf/m/n/12 Il s'agit d'une qua-tion li-naire ho-mo-gne de deuxime or
dre avec des co-ef-fi-cients constants.
 []

[63

] [64] [65] [66] [67] [68] [69] [70

] [71]
LaTeX Font Info:    Font shape `OT1/zpltlf/m/n' will be
(Font)              scaled to size 10.0pt on input line 952.
LaTeX Font Info:    Font shape `OT1/zpltlf/m/n' will be
(Font)              scaled to size 7.3pt on input line 952.
LaTeX Font Info:    Font shape `OT1/zpltlf/m/n' will be
(Font)              scaled to size 5.5pt on input line 952.
 [72] [73] [74] [75]
(./figures/massfigforce.pdf_t
File: figures/massfigforce.pdf Graphic file (type pdf)
<use figures/massfigforce.pdf>
) (./figures/mv-rlc.pdf_t
File: figures/mv-rlc.pdf Graphic file (type pdf)
<use figures/mv-rlc.pdf>
) [76

]
(./figures/mv-pend-deriv.pdf_t
File: figures/mv-pend-deriv.pdf Graphic file (type pdf)
<use figures/mv-pend-deriv.pdf>
)
File: figures/mv-sintheta.pdf Graphic file (type pdf)
<use figures/mv-sintheta.pdf>
 [77] [78]
File: figures/mv-undamped.pdf Graphic file (type pdf)
<use figures/mv-undamped.pdf>
LaTeX Font Info:    Font shape `T1/npxtt/m/n' will be
(Font)              scaled to size 12.0pt on input line 1374.
 [79]
File: figures/mv-overdamped.pdf Graphic file (type pdf)
<use figures/mv-overdamped.pdf>

Underfull \hbox (badness 2762) in paragraph at lines 1417--1417
[]\T1/zpltlf/m/scit/10.95 Figure \T1/zpltlf/m/it/10.95 2.3 ^^U |Mou-ve-ment sur
-amorti, avec
 []


Underfull \hbox (badness 1648) in paragraph at lines 1433--1436
\T1/zpltlf/m/n/12 gra-phiques avec des condi-tions La []fi-
 []

[80]
File: figures/mv-underdamped.pdf Graphic file (type pdf)
<use figures/mv-underdamped.pdf>
 [81] [82] [83] [84

]
Overfull \hbox (1.83775pt too wide) in paragraph at lines 1727--1732
\T1/zpltlf/m/n/12 Supposons main-te-nant que cer-taines condi-tions ini-tia-les
-sont im-po-ses. Par exemple, $\OML/npxmi/m/it/12 y\LMS/npxsy/m/n/12 \OT1/zpl
tlf/m/n/12 0\LMS/npxsy/m/n/12  \U/npxmia/m/it/12 =
 []

[85] [86] [87] [88] [89]) (./ch-systems-fr.tex [90]
Chapitre 3.
Missing character: There is no  in font zpl-Bold-tlf-t1!
Missing character: There is no  in font zpl-Regular-tlf-t1!
Missing character: There is no  in font zpl-Italic-tlf-t1!
Missing character: There is no  in font zpl-Regular-tlf-t1!
Missing character: There is no  in font zpl-Italic-tlf-t1!
Missing character: There is no  in font zpl-Regular-tlf-t1!
[91

]
Missing character: There is no  in font zpl-Regular-tlf-t1!
Missing character: There is no  in font zpl-Regular-tlf-t1!
Missing character: There is no  in font zpl-Regular-tlf-t1!
Missing character: There is no  in font zpl-Regular-tlf-t1!
Missing character: There is no  in font zpl-Italic-tlf-th-t1!
 [92] (./figures/lin-tank-sys.pdf_t
File: figures/lin-tank-sys.pdf Graphic file (type pdf)
<use figures/lin-tank-sys.pdf>
)
Missing character: There is no  in font zpl-Regular-tlf-t1!
Missing character: There is no  in font zpl-Regular-tlf-t1!
Missing character: There is no  in font zpl-Regular-tlf-t1!
Missing character: There is no  in font zpl-Regular-tlf-t1!
Missing character: There is no  in font zpl-Regular-tlf-t1!
Missing character: There is no  in font zpl-Regular-tlf-t1!
 [93]
Missing character: There is no  in font zpl-Regular-tlf-t1!
Missing character: There is no  in font zpl-Regular-tlf-t1!
 (./figures/cartsfig.pdf_t
File: figures/cartsfig.pdf Graphic file (type pdf)
<use figures/cartsfig.pdf>
)
Missing character: There is no  in font zpl-Regular-tlf-t1!
Missing character: There is no  in font zpl-Regular-tlf-t1!
Missing character: There is no  in font zpl-Regular-tlf-t1!
Missing character: There is no  in font zpl-Italic-tlf-th-t1!

[94]
Missing character: There is no  in font zpl-Regular-tlf-t1!
Missing character: There is no  in font zpl-Regular-tlf-t1!
 [95]
Missing character: There is no  in font zpl-Regular-tlf-t1!
Missing character: There is no  in font zpl-Regular-tlf-t1!
Missing character: There is no  in font zpl-Regular-tlf-t1!
Missing character: There is no  in font zpl-Regular-tlf-t1!
Missing character: There is no  in font zpl-Regular-tlf-t1!
Missing character: There is no  in font zpl-Regular-tlf-t1!
Missing character: There is no  in font zpl-Regular-tlf-t1!
Missing character: There is no  in font zpl-Regular-tlf-t1!
Missing character: There is no  in font zpl-Regular-tlf-t1!
Missing character: There is no  in font zpl-Regular-tlf-t1!
Missing character: There is no  in font zpl-Regular-tlf-t1!
Missing character: There is no  in font zpl-Regular-tlf-t1!
Missing character: There is no  in font zpl-Regular-tlf-t1!
Missing character: There is no  in font zpl-Regular-tlf-t1!
Missing character: There is no  in font zpl-Regular-tlf-t1!
Missing character: There is no  in font zpl-Regular-tlf-t1!
Missing character: There is no  in font zpl-Regular-tlf-t1!
Missing character: There is no  in font zpl-Regular-tlf-t1!
Missing character: There is no  in font zpl-Italic-tlf-th-t1!
 [96]
File: figures/sintro-vectorfield.pdf Graphic file (type pdf)
<use figures/sintro-vectorfield.pdf>
File: figures/sintro-vectorfield-sol.pdf Graphic file (type pdf)
<use figures/sintro-vectorfield-sol.pdf>
Missing character: There is no  in font zpl-Regular-tlf-t1!
Missing character: There is no  in font zpl-Regular-tlf-t1!
Missing character: There is no  in font zpl-Regular-tlf-t1!
Missing character: There is no  in font zpl-Regular-tlf-t1!
Missing character: There is no  in font zpl-Regular-tlf-t1!
Missing character: There is no  in font zpl-Regular-tlf-t1!
Missing character: There is no  in font zpl-Regular-tlf-t1!
 [97]
Missing character: There is no  in font zpl-Regular-tlf-t1!
Missing character: There is no  in font zpl-Regular-tlf-t1!
Missing character: There is no  in font zpl-Regular-tlf-t1!
Missing character: There is no  in font zpl-Regular-tlf-t1!
Missing character: There is no  in font zpl-Regular-tlf-t1!
Missing character: There is no  in font zpl-Regular-tlf-t1!
Missing character: There is no  in font zpl-Italic-tlf-th-t1!
Missing character: There is no  in font zpl-Italic-tlf-th-t1!
Missing character: There is no  in font zpl-Italic-tlf-th-t1!
Missing character: There is no  in font zpl-Italic-tlf-th-t1!
Missing character: There is no  in font zpl-Italic-tlf-th-t1!
Missing character: There is no  in font zpl-Italic-tlf-th-t1!
Missing character: There is no  in font zpl-Italic-tlf-th-t1!
Missing character: There is no  in font zpl-Italic-tlf-th-t1!
Missing character: There is no  in font zpl-Italic-tlf-th-t1!
Missing character: There is no  in font zpl-Italic-tlf-th-t1!
 [98]
Missing character: There is no  in font zpl-Italic-tlf-th-t1!
Missing character: There is no  in font zpl-Italic-tlf-th-t1!
 [99]
Missing character: There is no  in font zpl-Regular-tlf-t1!
Missing character: There is no  in font zpl-Regular-tlf-t1!
Missing character: There is no  in font zpl-Regular-tlf-t1!
Missing character: There is no  in font zpl-Regular-tlf-t1!
Missing character: There is no  in font zpl-Regular-tlf-t1!
Missing character: There is no  in font zpl-Regular-tlf-t1!
Missing character: There is no  in font zpl-Italic-tlf-th-t1!
 [100

]
Missing character: There is no  in font zpl-Regular-tlf-t1!
Missing character: There is no  in font zpl-Regular-tlf-t1!
 [101]
Missing character: There is no  in font zpl-Regular-tlf-t1!
Missing character: There is no  in font zpl-Regular-tlf-t1!
Missing character: There is no  in font zpl-Regular-tlf-t1!
Missing character: There is no  in font zpl-Regular-tlf-t1!
Missing character: There is no  in font zpl-Regular-tlf-t1!
Missing character: There is no  in font zpl-Regular-tlf-t1!
Missing character: There is no  in font zpl-Regular-tlf-t1!
Missing character: There is no  in font zpl-Regular-tlf-t1!
Missing character: There is no  in font zpl-Regular-tlf-t1!
Missing character: There is no  in font zpl-Regular-tlf-t1!
Missing character: There is no  in font zpl-Regular-tlf-t1!
Missing character: There is no  in font zpl-Regular-tlf-t1!
Missing character: There is no  in font zpl-Italic-tlf-th-t1!
 [102]
Missing character: There is no  in font zpl-Regular-tlf-t1!
Missing character: There is no  in font zpl-Regular-tlf-t1!
Missing character: There is no  in font zpl-Regular-tlf-t1!
Missing character: There is no  in font zpl-Regular-tlf-t1!
Missing character: There is no  in font zpl-Regular-tlf-t1!
Missing character: There is no  in font zpl-Regular-tlf-t1!
Missing character: There is no  in font zpl-Regular-tlf-t1!
Missing character: There is no  in font zpl-Regular-tlf-t1!
Missing character: There is no  in font zpl-Regular-tlf-t1!
Missing character: There is no  in font zpl-Regular-tlf-t1!
Missing character: There is no  in font zpl-Regular-tlf-t1!
 [103]
Missing character: There is no  in font zpl-Regular-tlf-t1!
Missing character: There is no  in font zpl-Regular-tlf-t1!
Missing character: There is no  in font zpl-Regular-tlf-t1!
Missing character: There is no  in font zpl-Regular-tlf-t1!
Missing character: There is no  in font zpl-Regular-tlf-t1!
Missing character: There is no  in font zpl-Regular-tlf-t1!
Missing character: There is no  in font zpl-Regular-tlf-t1!
Missing character: There is no  in font zpl-Regular-tlf-t1!
Missing character: There is no  in font zpl-Regular-tlf-t1!
Missing character: There is no  in font zpl-Regular-tlf-t1!
Missing character: There is no  in font zpl-Regular-tlf-t1!
Missing character: There is no  in font zpl-Regular-tlf-t1!
Missing character: There is no  in font zpl-Regular-tlf-t1!
Missing character: There is no  in font zpl-Regular-tlf-t1!
Missing character: There is no  in font zpl-Italic-tlf-th-t1!
 [104]
Missing character: There is no  in font zpl-Regular-tlf-t1!
Missing character: There is no  in font zpl-Regular-tlf-t1!
Missing character: There is no  in font zpl-Regular-tlf-t1!
Missing character: There is no  in font zpl-Regular-tlf-t1!
Missing character: There is no  in font zpl-Regular-tlf-t1!
Missing character: There is no  in font zpl-Regular-tlf-t1!
Missing character: There is no  in font zpl-Regular-tlf-t1!
Missing character: There is no  in font zpl-Regular-tlf-t1!
Missing character: There is no  in font zpl-Regular-tlf-t1!
Missing character: There is no  in font zpl-Regular-tlf-t1!
Missing character: There is no  in font zpl-Regular-tlf-t1!
Missing character: There is no  in font zpl-Regular-tlf-t1!
Missing character: There is no  in font zpl-Regular-tlf-t1!
Missing character: There is no  in font zpl-Regular-tlf-t1!
 [105]
Missing character: There is no  in font zpl-Regular-tlf-t1!
Missing character: There is no  in font zpl-Regular-tlf-t1!
Missing character: There is no  in font zpl-Regular-tlf-t1!
Missing character: There is no  in font zpl-Regular-tlf-t1!
Missing character: There is no  in font zpl-Regular-tlf-t1!
Missing character: There is no  in font zpl-Regular-tlf-t1!
Missing character: There is no  in font zpl-Regular-tlf-t1!
Missing character: There is no  in font zpl-Italic-tlf-th-t1!
 [106]
Missing character: There is no  in font zpl-Regular-tlf-t1!
Missing character: There is no  in font zpl-Regular-tlf-t1!
Missing character: There is no  in font zpl-Regular-tlf-t1!
Missing character: There is no  in font zpl-Regular-tlf-t1!
Missing character: There is no  in font zpl-Regular-tlf-t1!
Missing character: There is no  in font zpl-Regular-tlf-t1!
Missing character: There is no  in font zpl-Regular-tlf-t1!
Missing character: There is no  in font zpl-Regular-tlf-t1!
Missing character: There is no  in font zpl-Regular-tlf-t1!
Missing character: There is no  in font zpl-Regular-tlf-t1!
Missing character: There is no  in font zpl-Regular-tlf-t1!
Missing character: There is no  in font zpl-Regular-tlf-t1!
Missing character: There is no  in font zpl-Regular-tlf-t1!
Missing character: There is no  in font zpl-Regular-tlf-t1!
Missing character: There is no  in font zpl-Regular-tlf-t1!
Missing character: There is no  in font zpl-Regular-tlf-t1!
Missing character: There is no  in font zpl-Regular-tlf-t1!
Missing character: There is no  in font zpl-Italic-tlf-th-t1!

[107]
Missing character: There is no  in font zpl-Italic-tlf-th-t1!
Missing character: There is no  in font zpl-Italic-tlf-th-t1!
Missing character: There is no  in font zpl-Italic-tlf-th-t1!
Missing character: There is no  in font zpl-Italic-tlf-th-t1!
 [108]
Missing character: There is no  in font zpl-Regular-tlf-t1!
Missing character: There is no  in font zpl-Italic-tlf-t1!
Missing character: There is no  in font zpl-Regular-tlf-t1!
Missing character: There is no  in font zpl-Regular-tlf-t1!
Missing character: There is no  in font zpl-Regular-tlf-t1!
Missing character: There is no  in font zpl-Regular-tlf-t1!
 [109

]
Missing character: There is no  in font zpl-Regular-tlf-t1!
Missing character: There is no  in font zpl-Italic-tlf-th-t1!
Missing character: There is no  in font zpl-Italic-tlf-th-t1!
Missing character: There is no  in font zpl-Regular-tlf-t1!
Missing character: There is no  in font zpl-Regular-tlf-t1!
Missing character: There is no  in font zpl-Regular-tlf-t1!
Missing character: There is no  in font zpl-Regular-tlf-t1!
Missing character: There is no  in font zpl-Regular-tlf-t1!
Missing character: There is no  in font zpl-Regular-tlf-t1!
Missing character: There is no  in font zpl-Regular-tlf-t1!
Missing character: There is no  in font zpl-Regular-tlf-t1!
Missing character: There is no  in font zpl-Italic-tlf-th-t1!
 [110]
Missing character: There is no  in font zpl-Italic-tlf-th-t1!
Missing character: There is no  in font zpl-Italic-tlf-th-t1!
Missing character: There is no  in font zpl-Regular-tlf-t1!
Missing character: There is no  in font zpl-Regular-tlf-t1!
Missing character: There is no  in font zpl-Regular-tlf-t1!
Missing character: There is no  in font zpl-Regular-tlf-t1!
Missing character: There is no  in font zpl-Regular-tlf-t1!
Missing character: There is no  in font zpl-Regular-tlf-t1!
Missing character: There is no  in font zpl-Regular-tlf-t1!
Missing character: There is no  in font zpl-Regular-tlf-t1!
 [111]
Missing character: There is no  in font zpl-Italic-tlf-th-t1!
Missing character: There is no  in font zpl-Italic-tlf-th-t1!
Missing character: There is no  in font zpl-Italic-tlf-th-t1!
Missing character: There is no  in font zpl-Italic-tlf-th-t1!
 [112] [113]
Missing character: There is no  in font zpl-Regular-tlf-t1!
Missing character: There is no  in font zpl-Regular-tlf-t1!
Missing character: There is no  in font zpl-Regular-tlf-t1!
Missing character: There is no  in font zpl-Regular-tlf-t1!
Missing character: There is no  in font zpl-Regular-tlf-t1!
Missing character: There is no  in font zpl-Regular-tlf-t1!
Missing character: There is no  in font zpl-Regular-tlf-t1!
Missing character: There is no  in font zpl-Regular-tlf-t1!
Missing character: There is no  in font zpl-Italic-tlf-th-t1!
 [114

]
Missing character: There is no  in font zpl-Regular-tlf-t1!
Missing character: There is no  in font zpl-Regular-tlf-t1!
Missing character: There is no  in font zpl-Regular-tlf-t1!
Missing character: There is no  in font zpl-Regular-tlf-t1!
 [115]
Missing character: There is no  in font zpl-Italic-tlf-th-t1!
Missing character: There is no  in font zpl-Italic-tlf-th-t1!
Missing character: There is no  in font zpl-Italic-tlf-th-t1!
Missing character: There is no  in font zpl-Regular-tlf-t1!
Missing character: There is no  in font zpl-Italic-tlf-th-t1!
Missing character: There is no  in font zpl-Regular-tlf-t1!
Missing character: There is no  in font zpl-Italic-tlf-th-t1!
 [116]
Missing character: There is no  in font zpl-Regular-tlf-t1!
Missing character: There is no  in font zpl-Regular-tlf-t1!
Missing character: There is no  in font zpl-Regular-tlf-t1!
Missing character: There is no  in font zpl-Regular-tlf-t1!
Missing character: There is no  in font zpl-Regular-tlf-t1!
Missing character: There is no  in font zpl-Regular-tlf-t1!
 [117]
Missing character: There is no  in font zpl-Regular-tlf-t1!
Missing character: There is no  in font zpl-Regular-tlf-t1!
Missing character: There is no  in font zpl-Regular-tlf-t1!
Missing character: There is no  in font zpl-Regular-tlf-t1!
Missing character: There is no  in font zpl-Regular-tlf-t1!
Missing character: There is no  in font zpl-Regular-tlf-t1!
Missing character: There is no  in font zpl-Regular-tlf-t1!
Missing character: There is no  in font zpl-Regular-tlf-t1!
Missing character: There is no  in font zpl-Italic-tlf-th-t1!
 [118]
Missing character: There is no  in font zpl-Regular-tlf-t1!
Missing character: There is no  in font zpl-Italic-tlf-th-t1!

[119]
Missing character: There is no  in font zpl-Italic-tlf-th-t1!
Missing character: There is no  in font zpl-Italic-tlf-th-t1!
 [120]
Missing character: There is no  in font zpl-Regular-tlf-t1!
Missing character: There is no  in font zpl-Regular-tlf-t1!
Missing character: There is no  in font zpl-Regular-tlf-t1!
File: figures/pln-source-eig.pdf Graphic file (type pdf)
<use figures/pln-source-eig.pdf>
Missing character: There is no  in font zpl-Regular-tlf-t1!
Missing character: There is no  in font zpl-Regular-tlf-t1!
Missing character: There is no  in font zpl-Regular-tlf-t1!
Missing character: There is no  in font zpl-Italic-tlf-t1!
Missing character: There is no  in font zpl-Italic-tlf-t1!
File: figures/pln-source-eig-arr.pdf Graphic file (type pdf)
<use figures/pln-source-eig-arr.pdf>
File: figures/pln-source-full.pdf Graphic file (type pdf)
<use figures/pln-source-full.pdf>
Missing character: There is no  in font zpl-Italic-tlf-t1!
Missing character: There is no  in font zpl-Italic-tlf-t1!
Missing character: There is no  in font zpl-Regular-tlf-t1!
Missing character: There is no  in font zpl-Italic-tlf-t1!
Missing character: There is no  in font zpl-Italic-tlf-t1!
 [121

]
File: figures/pln-sink-full.pdf Graphic file (type pdf)
<use figures/pln-sink-full.pdf>
Missing character: There is no  in font zpl-Italic-tlf-t1!
Missing character: There is no  in font zpl-Italic-tlf-t1!
File: figures/pln-saddle-full.pdf Graphic file (type pdf)
<use figures/pln-saddle-full.pdf>
Missing character: There is no  in font zpl-Italic-tlf-th-t1!
 [122]
Missing character: There is no  in font zpl-Regular-tlf-t1!
Missing character: There is no  in font zpl-Regular-tlf-t1!
Missing character: There is no  in font zpl-Regular-tlf-t1!
File: figures/pln-ellipses.pdf Graphic file (type pdf)
<use figures/pln-ellipses.pdf>
File: figures/pln-spiral-source.pdf Graphic file (type pdf)
<use figures/pln-spiral-source.pdf>
Missing character: There is no  in font zpl-Regular-tlf-t1!
Missing character: There is no  in font zpl-Regular-tlf-t1!
 [123]
File: figures/pln-spiral-sink.pdf Graphic file (type pdf)
<use figures/pln-spiral-sink.pdf>
Missing character: There is no  in font zpl-Regular-tlf-t1!
Missing character: There is no  in font zpl-Regular-tlf-t1!
Missing character: There is no  in font zpl-Regular-tlf-t1!
Missing character: There is no  in font zpl-Regular-tlf-t1!
Missing character: There is no  in font zpl-Regular-tlf-t1!
Missing character: There is no  in font zpl-Regular-tlf-t1!
Missing character: There is no  in font zpl-Italic-tlf-th-t1!
Missing character: There is no  in font zpl-Italic-tlf-th-t1!
Missing character: There is no  in font zpl-Italic-tlf-th-t1!
Missing character: There is no  in font zpl-Italic-tlf-th-t1!
 [124]
Missing character: There is no  in font zpl-Italic-tlf-th-t1!
Missing character: There is no  in font zpl-Italic-tlf-th-t1!
Missing character: There is no  in font zpl-Italic-tlf-th-t1!
File: figures/0100vectorfield.pdf Graphic file (type pdf)
<use figures/0100vectorfield.pdf>
) (./ch-fourier-and-pde-fr.tex [125]
Missing character: There is no  in font zpl-Italic-tlf-th-t1!

[126

]
Chapitre 4.
[127] [128] [129] [130] [131] [132] (./figures/bvp-whirstring.pdf_t
File: figures/bvp-whirstring.pdf Graphic file (type pdf)
<use figures/bvp-whirstring.pdf>
) [133]
(./figures/bvp-whirstring2.pdf_t
File: figures/bvp-whirstring2.pdf Graphic file (type pdf)
<use figures/bvp-whirstring2.pdf>
) [134] [135]
File: figures/ts-perextofinvertedparabola.pdf Graphic file (type pdf)
<use figures/ts-perextofinvertedparabola.pdf>
 [136

] [137] [138]
File: figures/ts-sawtooth.pdf Graphic file (type pdf)
<use figures/ts-sawtooth.pdf>
 [139] [140]
File: figures/ts-sawtooth-fs3-fs20.pdf Graphic file (type pdf)
<use figures/ts-sawtooth-fs3-fs20.pdf>
File: figures/ts-squarewave.pdf Graphic file (type pdf)
<use figures/ts-squarewave.pdf>

[141]
File: figures/ts-squarewave-fs3-fs20.pdf Graphic file (type pdf)
<use figures/ts-squarewave-fs3-fs20.pdf>
 [142]
File: figures/ts-squarewave-gibbs.pdf Graphic file (type pdf)
<use figures/ts-squarewave-gibbs.pdf>
 [143] [144] [145]
LaTeX Font Info:    Font shape `OT1/zpltlf/m/n' will be
(Font)              scaled to size 14.4pt on input line 1115.
LaTeX Font Info:    Font shape `OT1/zpltlf/m/n' will be
(Font)              scaled to size 10.5pt on input line 1115.
LaTeX Font Info:    Font shape `OT1/zpltlf/m/n' will be
(Font)              scaled to size 7.9pt on input line 1115.
File: figures/gfs-sawcont.pdf Graphic file (type pdf)
<use figures/gfs-sawcont.pdf>
 [146

] [147]
File: figures/gfs-sawcont-fs3-fs20.pdf Graphic file (type pdf)
<use figures/gfs-sawcont-fs3-fs20.pdf>
 [148] [149]
File: figures/gfs-smoothex.pdf Graphic file (type pdf)
<use figures/gfs-smoothex.pdf>
 [150] [151] [152]
[153] [154] [155]
File: figures/scs-ext-odd-even.pdf Graphic file (type pdf)
<use figures/scs-ext-odd-even.pdf>
 [156

] [157] [158] [159] [160]
File: figures/bnd-dirich-graph.pdf Graphic file (type pdf)
<use figures/bnd-dirich-graph.pdf>
 [161] [162] [163]
(./figures/massfigforce.pdf_t
File: figures/massfigforce.pdf Graphic file (type pdf)
<use figures/massfigforce.pdf>
) [164

] [165]
File: figures/afs-steadyex.pdf Graphic file (type pdf)
<use figures/afs-steadyex.pdf>
 [166] [167] [168] [169]
Overfull \hbox (3.92531pt too wide) in paragraph at lines 2779--2779
|[]\T1/zpltlf/b/n/17.28 quation dif-f-ren-tielle par-tielle, se-pa-ra-tion de
 va-riables,
 []

(./figures/heat-wire.pdf_t
File: figures/heat-wire.pdf Graphic file (type pdf)
<use figures/heat-wire.pdf>
) [170

] [171] [172]
File: figures/heat-wireex-init.pdf Graphic file (type pdf)
<use figures/heat-wireex-init.pdf>
 [173]
File: figures/heat-wireex.pdf Graphic file (type pdf)
<use figures/heat-wireex.pdf>
 [174]
File: figures/heat-wireex-max.pdf Graphic file (type pdf)
<use figures/heat-wireex-max.pdf>
 [175] [176] [177]
File: figures/heat-wireisolex.pdf Graphic file (type pdf)
<use figures/heat-wireisolex.pdf>

[178] [179] [180] [181] (./figures/sps-vibstr.pdf_t
File: figures/sps-vibstr.pdf Graphic file (type pdf)
<use figures/sps-vibstr.pdf>
) [182

] [183] [184]
(./figures/wave-pluckedstr.pdf_t
File: figures/wave-pluckedstr.pdf Graphic file (type pdf)
<use figures/wave-pluckedstr.pdf>
) [185] [186]
File: figures/wave-pluckedex.pdf Graphic file (type pdf)
<use figures/wave-pluckedex.pdf>
File: figures/wave-plucked-t0-t0p4.pdf Graphic file (type pdf)
<use figures/wave-plucked-t0-t0p4.pdf>
File: figures/wave-plucked-t0p8-t1p2.pdf Graphic file (type pdf)
<use figures/wave-plucked-t0p8-t1p2.pdf>
 [187] [188] [189])
(./ap-linear-algebra.tex [190]
Annexe A.
[191

] (./figures/linalg-vecarrow.pdf_t
File: figures/linalg-vecarrow.pdf Graphic file (type pdf)
<use figures/linalg-vecarrow.pdf>
)
LaTeX Font Info:    Font shape `OT1/zpltlf/b/n' will be
(Font)              scaled to size 12.0pt on input line 113.
LaTeX Font Info:    Font shape `OT1/zpltlf/b/n' will be
(Font)              scaled to size 8.8pt on input line 113.
LaTeX Font Info:    Font shape `OT1/zpltlf/b/n' will be
(Font)              scaled to size 6.6pt on input line 113.
 [192] (./figures/linalg-vecadd.pdf_t
File: figures/linalg-vecadd.pdf Graphic file (type pdf)
<use figures/linalg-vecadd.pdf>
)
LaTeX Font Info:    Font shape `OT1/zpltlf/b/n' will be
(Font)              scaled to size 10.95pt on input line 168.
LaTeX Font Info:    Font shape `OT1/zpltlf/b/n' will be
(Font)              scaled to size 8.0pt on input line 168.
LaTeX Font Info:    Font shape `OT1/zpltlf/b/n' will be
(Font)              scaled to size 6.1pt on input line 168.

[193] (./figures/linalg-vecsub.pdf_t
File: figures/linalg-vecsub.pdf Graphic file (type pdf)
<use figures/linalg-vecsub.pdf>
) [194] (./figures/linalg-vecscale.pdf_t
File: figures/linalg-vecscale.pdf Graphic file (type pdf)
<use figures/linalg-vecscale.pdf>
)
[195] [196] [197] [198] [199] [200] [201] [202

] [203] [204] [205] [206]
[207] [208] [209]
LaTeX Font Info:    Font shape `OT1/zpltlf/b/n' will be
(Font)              scaled to size 10.0pt on input line 2406.
LaTeX Font Info:    Font shape `OT1/zpltlf/b/n' will be
(Font)              scaled to size 7.3pt on input line 2406.
LaTeX Font Info:    Font shape `OT1/zpltlf/b/n' will be
(Font)              scaled to size 5.5pt on input line 2406.
 [210] [211] [212] [213

] [214] [215] [216] [217] [218]
[219] [220] [221] [222] [223] [224] [225] [226] [227

] [228] [229] [230]
[231] [232] [233

] (./figures/vec-angle.pdf_t
File: figures/vec-angle.pdf Graphic file (type pdf)
<use figures/vec-angle.pdf>
) [234]
(./figures/vec-orthoproj.pdf_t
File: figures/vec-orthoproj.pdf Graphic file (type pdf)
<use figures/vec-orthoproj.pdf>
) [235] [236] [237] [238] [239] [240]
(./figures/linalg-imagesquare.pdf_t
File: figures/linalg-imagesquare.pdf Graphic file (type pdf)
<use figures/linalg-imagesquare.pdf>
) [241

] [242] [243] [244] [245]) [246]
[247

] [248

] [249

] [250] [251] [252] [253] [254] [255] [256]
No file diffyqs.ind.
Package atveryend Info: Empty hook `BeforeClearDocument' on input line 475.
Package atveryend Info: Empty hook `AfterLastShipout' on input line 475.
(./diffyqs.aux)
Package atveryend Info: Empty hook `AtVeryEndDocument' on input line 475.
Package atveryend Info: Executing hook `AtEndAfterFileList' on input line 475.
Package rerunfilecheck Info: File `diffyqs.out' has not changed.
(rerunfilecheck)             Checksum: B463B0AD58BDDEFBBCA0C726598BFD9E;3033.
 ) 
Here is how much of TeX's memory you used:
 31859 strings out of 479819
 596739 string characters out of 5895846
 968784 words of memory out of 5000000
 48233 multiletter control sequences out of 15000+600000
 687974 words of font info for 230 fonts, out of 8000000 for 9000
 1348 hyphenation exceptions out of 8191
 67i,25n,100p,874b,899s stack positions out of 5000i,500n,10000p,200000b,80000s

Output written on diffyqs.pdf (256 pages).
